[1.509s] Invoking command in '/home/cc/ee106a/fa25/class/ee106a-ahe/ros_workspaces/lab7/src/ros2_aruco/ros2_aruco': PYTHONPATH=/home/cc/ee106a/fa25/class/ee106a-ahe/ros_workspaces/lab7/build/ros2_aruco/prefix_override:/usr/lib/python3/dist-packages/colcon_core/task/python/colcon_distutils_commands:/home/cc/ee106a/fa25/class/ee106a-ahe/ros_workspaces/lab7/install/ros2_aruco/lib/python3.10/site-packages:${PYTHONPATH} /usr/bin/python3 -W ignore:setup.py install is deprecated -W ignore:easy_install command is deprecated setup.py egg_info --egg-base ../../../build/ros2_aruco build --build-base /home/cc/ee106a/fa25/class/ee106a-ahe/ros_workspaces/lab7/build/ros2_aruco/build install --record /home/cc/ee106a/fa25/class/ee106a-ahe/ros_workspaces/lab7/build/ros2_aruco/install.log --single-version-externally-managed install_data
[1.765s] running egg_info
[1.765s] writing ../../../build/ros2_aruco/ros2_aruco.egg-info/PKG-INFO
[1.769s] writing dependency_links to ../../../build/ros2_aruco/ros2_aruco.egg-info/dependency_links.txt
[1.772s] writing entry points to ../../../build/ros2_aruco/ros2_aruco.egg-info/entry_points.txt
[1.775s] writing requirements to ../../../build/ros2_aruco/ros2_aruco.egg-info/requires.txt
[1.778s] writing top-level names to ../../../build/ros2_aruco/ros2_aruco.egg-info/top_level.txt
[1.784s] reading manifest file '../../../build/ros2_aruco/ros2_aruco.egg-info/SOURCES.txt'
[1.789s] writing manifest file '../../../build/ros2_aruco/ros2_aruco.egg-info/SOURCES.txt'
[1.791s] running build
[1.791s] running build_py
[1.792s] running install
[1.792s] running install_lib
[1.796s] running install_data
[1.796s] running install_egg_info
[1.799s] removing '/home/cc/ee106a/fa25/class/ee106a-ahe/ros_workspaces/lab7/install/ros2_aruco/lib/python3.10/site-packages/ros2_aruco-0.1.0-py3.10.egg-info' (and everything under it)
[1.805s] Copying ../../../build/ros2_aruco/ros2_aruco.egg-info to /home/cc/ee106a/fa25/class/ee106a-ahe/ros_workspaces/lab7/install/ros2_aruco/lib/python3.10/site-packages/ros2_aruco-0.1.0-py3.10.egg-info
[1.845s] running install_scripts
[1.865s] Installing aruco_generate_marker script to /home/cc/ee106a/fa25/class/ee106a-ahe/ros_workspaces/lab7/install/ros2_aruco/lib/ros2_aruco
[1.868s] Installing aruco_node script to /home/cc/ee106a/fa25/class/ee106a-ahe/ros_workspaces/lab7/install/ros2_aruco/lib/ros2_aruco
[1.871s] writing list of installed files to '/home/cc/ee106a/fa25/class/ee106a-ahe/ros_workspaces/lab7/build/ros2_aruco/install.log'
[1.969s] Invoked command in '/home/cc/ee106a/fa25/class/ee106a-ahe/ros_workspaces/lab7/src/ros2_aruco/ros2_aruco' returned '0': PYTHONPATH=/home/cc/ee106a/fa25/class/ee106a-ahe/ros_workspaces/lab7/build/ros2_aruco/prefix_override:/usr/lib/python3/dist-packages/colcon_core/task/python/colcon_distutils_commands:/home/cc/ee106a/fa25/class/ee106a-ahe/ros_workspaces/lab7/install/ros2_aruco/lib/python3.10/site-packages:${PYTHONPATH} /usr/bin/python3 -W ignore:setup.py install is deprecated -W ignore:easy_install command is deprecated setup.py egg_info --egg-base ../../../build/ros2_aruco build --build-base /home/cc/ee106a/fa25/class/ee106a-ahe/ros_workspaces/lab7/build/ros2_aruco/build install --record /home/cc/ee106a/fa25/class/ee106a-ahe/ros_workspaces/lab7/build/ros2_aruco/install.log --single-version-externally-managed install_data
