[0.688s] Invoking command in '/home/cc/ee106a/fa25/class/ee106a-ahe/ros_workspaces/lab7/build/ros2_aruco_interfaces': CMAKE_PREFIX_PATH=${CMAKE_PREFIX_PATH}:/home/cc/ee106a/fa25/class/ee106a-ahe/ros_workspaces/lab7/install/ros2_aruco:/home/cc/ee106a/fa25/class/ee106a-ahe/ros_workspaces/lab7/install/planning:/home/cc/ee106a/fa25/class/ee106a-ahe/ros_workspaces/lab7/install/perception:/home/ff/ee106a/robot_workspaces/ur/install/ur7e_utils:/opt/ros/humble /usr/bin/cmake --build /home/cc/ee106a/fa25/class/ee106a-ahe/ros_workspaces/lab7/build/ros2_aruco_interfaces -- -j32 -l32
[0.798s] [  3%] Built target ros2_aruco_interfaces__cpp
[0.809s] [ 12%] Built target ros2_aruco_interfaces__rosidl_generator_c
[0.883s] [ 35%] Built target ros2_aruco_interfaces__rosidl_typesupport_cpp
[0.888s] [ 41%] Built target ros2_aruco_interfaces__rosidl_typesupport_introspection_cpp
[0.893s] [ 51%] Built target ros2_aruco_interfaces__rosidl_typesupport_fastrtps_cpp
[0.901s] [ 70%] Built target ros2_aruco_interfaces__rosidl_typesupport_introspection_c
[0.901s] [ 70%] Built target ros2_aruco_interfaces__rosidl_typesupport_fastrtps_c
[0.902s] [ 70%] Built target ros2_aruco_interfaces__rosidl_typesupport_c
[0.923s] [ 70%] Built target ament_cmake_python_copy_ros2_aruco_interfaces
[0.936s] [ 70%] Built target ros2_aruco_interfaces
[0.973s] [ 74%] Built target ros2_aruco_interfaces__py
[1.015s] [ 80%] Built target ros2_aruco_interfaces__rosidl_generator_py
[1.079s] [ 96%] Built target ros2_aruco_interfaces__rosidl_typesupport_introspection_c__pyext
[1.080s] [ 96%] Built target ros2_aruco_interfaces__rosidl_typesupport_fastrtps_c__pyext
[1.081s] [100%] Built target ros2_aruco_interfaces__rosidl_typesupport_c__pyext
[1.198s] running egg_info
[1.199s] writing ros2_aruco_interfaces.egg-info/PKG-INFO
[1.202s] writing dependency_links to ros2_aruco_interfaces.egg-info/dependency_links.txt
[1.205s] writing top-level names to ros2_aruco_interfaces.egg-info/top_level.txt
[1.210s] reading manifest file 'ros2_aruco_interfaces.egg-info/SOURCES.txt'
[1.212s] writing manifest file 'ros2_aruco_interfaces.egg-info/SOURCES.txt'
[1.234s] [100%] Built target ament_cmake_python_build_ros2_aruco_interfaces_egg
[1.269s] Invoked command in '/home/cc/ee106a/fa25/class/ee106a-ahe/ros_workspaces/lab7/build/ros2_aruco_interfaces' returned '0': CMAKE_PREFIX_PATH=${CMAKE_PREFIX_PATH}:/home/cc/ee106a/fa25/class/ee106a-ahe/ros_workspaces/lab7/install/ros2_aruco:/home/cc/ee106a/fa25/class/ee106a-ahe/ros_workspaces/lab7/install/planning:/home/cc/ee106a/fa25/class/ee106a-ahe/ros_workspaces/lab7/install/perception:/home/ff/ee106a/robot_workspaces/ur/install/ur7e_utils:/opt/ros/humble /usr/bin/cmake --build /home/cc/ee106a/fa25/class/ee106a-ahe/ros_workspaces/lab7/build/ros2_aruco_interfaces -- -j32 -l32
[1.288s] Invoking command in '/home/cc/ee106a/fa25/class/ee106a-ahe/ros_workspaces/lab7/build/ros2_aruco_interfaces': CMAKE_PREFIX_PATH=${CMAKE_PREFIX_PATH}:/home/cc/ee106a/fa25/class/ee106a-ahe/ros_workspaces/lab7/install/ros2_aruco:/home/cc/ee106a/fa25/class/ee106a-ahe/ros_workspaces/lab7/install/planning:/home/cc/ee106a/fa25/class/ee106a-ahe/ros_workspaces/lab7/install/perception:/home/ff/ee106a/robot_workspaces/ur/install/ur7e_utils:/opt/ros/humble /usr/bin/cmake --install /home/cc/ee106a/fa25/class/ee106a-ahe/ros_workspaces/lab7/build/ros2_aruco_interfaces
[1.301s] -- Install configuration: ""
[1.303s] -- Up-to-date: /home/cc/ee106a/fa25/class/ee106a-ahe/ros_workspaces/lab7/install/ros2_aruco_interfaces/share/ament_index/resource_index/rosidl_interfaces/ros2_aruco_interfaces
[1.304s] -- Up-to-date: /home/cc/ee106a/fa25/class/ee106a-ahe/ros_workspaces/lab7/install/ros2_aruco_interfaces/include/ros2_aruco_interfaces/ros2_aruco_interfaces
[1.305s] -- Up-to-date: /home/cc/ee106a/fa25/class/ee106a-ahe/ros_workspaces/lab7/install/ros2_aruco_interfaces/include/ros2_aruco_interfaces/ros2_aruco_interfaces/msg
[1.307s] -- Up-to-date: /home/cc/ee106a/fa25/class/ee106a-ahe/ros_workspaces/lab7/install/ros2_aruco_interfaces/include/ros2_aruco_interfaces/ros2_aruco_interfaces/msg/aruco_markers.h
[1.307s] -- Up-to-date: /home/cc/ee106a/fa25/class/ee106a-ahe/ros_workspaces/lab7/install/ros2_aruco_interfaces/include/ros2_aruco_interfaces/ros2_aruco_interfaces/msg/rosidl_generator_c__visibility_control.h
[1.308s] -- Up-to-date: /home/cc/ee106a/fa25/class/ee106a-ahe/ros_workspaces/lab7/install/ros2_aruco_interfaces/include/ros2_aruco_interfaces/ros2_aruco_interfaces/msg/detail
[1.309s] -- Up-to-date: /home/cc/ee106a/fa25/class/ee106a-ahe/ros_workspaces/lab7/install/ros2_aruco_interfaces/include/ros2_aruco_interfaces/ros2_aruco_interfaces/msg/detail/aruco_markers__functions.c
[1.310s] -- Up-to-date: /home/cc/ee106a/fa25/class/ee106a-ahe/ros_workspaces/lab7/install/ros2_aruco_interfaces/include/ros2_aruco_interfaces/ros2_aruco_interfaces/msg/detail/aruco_markers__functions.h
[1.311s] -- Up-to-date: /home/cc/ee106a/fa25/class/ee106a-ahe/ros_workspaces/lab7/install/ros2_aruco_interfaces/include/ros2_aruco_interfaces/ros2_aruco_interfaces/msg/detail/aruco_markers__struct.h
[1.312s] -- Up-to-date: /home/cc/ee106a/fa25/class/ee106a-ahe/ros_workspaces/lab7/install/ros2_aruco_interfaces/include/ros2_aruco_interfaces/ros2_aruco_interfaces/msg/detail/aruco_markers__type_support.h
[1.313s] -- Up-to-date: /home/cc/ee106a/fa25/class/ee106a-ahe/ros_workspaces/lab7/install/ros2_aruco_interfaces/share/ros2_aruco_interfaces/environment/library_path.sh
[1.314s] -- Up-to-date: /home/cc/ee106a/fa25/class/ee106a-ahe/ros_workspaces/lab7/install/ros2_aruco_interfaces/share/ros2_aruco_interfaces/environment/library_path.dsv
[1.315s] -- Up-to-date: /home/cc/ee106a/fa25/class/ee106a-ahe/ros_workspaces/lab7/install/ros2_aruco_interfaces/lib/libros2_aruco_interfaces__rosidl_generator_c.so
[1.318s] -- Up-to-date: /home/cc/ee106a/fa25/class/ee106a-ahe/ros_workspaces/lab7/install/ros2_aruco_interfaces/include/ros2_aruco_interfaces/ros2_aruco_interfaces
[1.319s] -- Up-to-date: /home/cc/ee106a/fa25/class/ee106a-ahe/ros_workspaces/lab7/install/ros2_aruco_interfaces/include/ros2_aruco_interfaces/ros2_aruco_interfaces/msg
[1.320s] -- Up-to-date: /home/cc/ee106a/fa25/class/ee106a-ahe/ros_workspaces/lab7/install/ros2_aruco_interfaces/include/ros2_aruco_interfaces/ros2_aruco_interfaces/msg/detail
[1.321s] -- Up-to-date: /home/cc/ee106a/fa25/class/ee106a-ahe/ros_workspaces/lab7/install/ros2_aruco_interfaces/include/ros2_aruco_interfaces/ros2_aruco_interfaces/msg/detail/aruco_markers__rosidl_typesupport_fastrtps_c.h
[1.322s] -- Up-to-date: /home/cc/ee106a/fa25/class/ee106a-ahe/ros_workspaces/lab7/install/ros2_aruco_interfaces/include/ros2_aruco_interfaces/ros2_aruco_interfaces/msg/rosidl_typesupport_fastrtps_c__visibility_control.h
[1.323s] -- Up-to-date: /home/cc/ee106a/fa25/class/ee106a-ahe/ros_workspaces/lab7/install/ros2_aruco_interfaces/lib/libros2_aruco_interfaces__rosidl_typesupport_fastrtps_c.so
[1.326s] -- Up-to-date: /home/cc/ee106a/fa25/class/ee106a-ahe/ros_workspaces/lab7/install/ros2_aruco_interfaces/include/ros2_aruco_interfaces/ros2_aruco_interfaces
[1.327s] -- Up-to-date: /home/cc/ee106a/fa25/class/ee106a-ahe/ros_workspaces/lab7/install/ros2_aruco_interfaces/include/ros2_aruco_interfaces/ros2_aruco_interfaces/msg
[1.329s] -- Up-to-date: /home/cc/ee106a/fa25/class/ee106a-ahe/ros_workspaces/lab7/install/ros2_aruco_interfaces/include/ros2_aruco_interfaces/ros2_aruco_interfaces/msg/aruco_markers.hpp
[1.329s] -- Up-to-date: /home/cc/ee106a/fa25/class/ee106a-ahe/ros_workspaces/lab7/install/ros2_aruco_interfaces/include/ros2_aruco_interfaces/ros2_aruco_interfaces/msg/rosidl_generator_cpp__visibility_control.hpp
[1.330s] -- Up-to-date: /home/cc/ee106a/fa25/class/ee106a-ahe/ros_workspaces/lab7/install/ros2_aruco_interfaces/include/ros2_aruco_interfaces/ros2_aruco_interfaces/msg/detail
[1.331s] -- Up-to-date: /home/cc/ee106a/fa25/class/ee106a-ahe/ros_workspaces/lab7/install/ros2_aruco_interfaces/include/ros2_aruco_interfaces/ros2_aruco_interfaces/msg/detail/aruco_markers__builder.hpp
[1.332s] -- Up-to-date: /home/cc/ee106a/fa25/class/ee106a-ahe/ros_workspaces/lab7/install/ros2_aruco_interfaces/include/ros2_aruco_interfaces/ros2_aruco_interfaces/msg/detail/aruco_markers__struct.hpp
[1.332s] -- Up-to-date: /home/cc/ee106a/fa25/class/ee106a-ahe/ros_workspaces/lab7/install/ros2_aruco_interfaces/include/ros2_aruco_interfaces/ros2_aruco_interfaces/msg/detail/aruco_markers__traits.hpp
[1.333s] -- Up-to-date: /home/cc/ee106a/fa25/class/ee106a-ahe/ros_workspaces/lab7/install/ros2_aruco_interfaces/include/ros2_aruco_interfaces/ros2_aruco_interfaces/msg/detail/aruco_markers__type_support.hpp
[1.334s] -- Up-to-date: /home/cc/ee106a/fa25/class/ee106a-ahe/ros_workspaces/lab7/install/ros2_aruco_interfaces/include/ros2_aruco_interfaces/ros2_aruco_interfaces
[1.335s] -- Up-to-date: /home/cc/ee106a/fa25/class/ee106a-ahe/ros_workspaces/lab7/install/ros2_aruco_interfaces/include/ros2_aruco_interfaces/ros2_aruco_interfaces/msg
[1.336s] -- Up-to-date: /home/cc/ee106a/fa25/class/ee106a-ahe/ros_workspaces/lab7/install/ros2_aruco_interfaces/include/ros2_aruco_interfaces/ros2_aruco_interfaces/msg/detail
[1.338s] -- Up-to-date: /home/cc/ee106a/fa25/class/ee106a-ahe/ros_workspaces/lab7/install/ros2_aruco_interfaces/include/ros2_aruco_interfaces/ros2_aruco_interfaces/msg/detail/aruco_markers__rosidl_typesupport_fastrtps_cpp.hpp
[1.339s] -- Up-to-date: /home/cc/ee106a/fa25/class/ee106a-ahe/ros_workspaces/lab7/install/ros2_aruco_interfaces/include/ros2_aruco_interfaces/ros2_aruco_interfaces/msg/detail/dds_fastrtps
[1.340s] -- Up-to-date: /home/cc/ee106a/fa25/class/ee106a-ahe/ros_workspaces/lab7/install/ros2_aruco_interfaces/include/ros2_aruco_interfaces/ros2_aruco_interfaces/msg/rosidl_typesupport_fastrtps_cpp__visibility_control.h
[1.344s] -- Up-to-date: /home/cc/ee106a/fa25/class/ee106a-ahe/ros_workspaces/lab7/install/ros2_aruco_interfaces/lib/libros2_aruco_interfaces__rosidl_typesupport_fastrtps_cpp.so
[1.348s] -- Up-to-date: /home/cc/ee106a/fa25/class/ee106a-ahe/ros_workspaces/lab7/install/ros2_aruco_interfaces/include/ros2_aruco_interfaces/ros2_aruco_interfaces
[1.349s] -- Up-to-date: /home/cc/ee106a/fa25/class/ee106a-ahe/ros_workspaces/lab7/install/ros2_aruco_interfaces/include/ros2_aruco_interfaces/ros2_aruco_interfaces/msg
[1.351s] -- Up-to-date: /home/cc/ee106a/fa25/class/ee106a-ahe/ros_workspaces/lab7/install/ros2_aruco_interfaces/include/ros2_aruco_interfaces/ros2_aruco_interfaces/msg/detail
[1.352s] -- Up-to-date: /home/cc/ee106a/fa25/class/ee106a-ahe/ros_workspaces/lab7/install/ros2_aruco_interfaces/include/ros2_aruco_interfaces/ros2_aruco_interfaces/msg/detail/aruco_markers__rosidl_typesupport_introspection_c.h
[1.352s] -- Up-to-date: /home/cc/ee106a/fa25/class/ee106a-ahe/ros_workspaces/lab7/install/ros2_aruco_interfaces/include/ros2_aruco_interfaces/ros2_aruco_interfaces/msg/detail/aruco_markers__type_support.c
[1.354s] -- Up-to-date: /home/cc/ee106a/fa25/class/ee106a-ahe/ros_workspaces/lab7/install/ros2_aruco_interfaces/include/ros2_aruco_interfaces/ros2_aruco_interfaces/msg/rosidl_typesupport_introspection_c__visibility_control.h
[1.355s] -- Up-to-date: /home/cc/ee106a/fa25/class/ee106a-ahe/ros_workspaces/lab7/install/ros2_aruco_interfaces/lib/libros2_aruco_interfaces__rosidl_typesupport_introspection_c.so
[1.358s] -- Up-to-date: /home/cc/ee106a/fa25/class/ee106a-ahe/ros_workspaces/lab7/install/ros2_aruco_interfaces/lib/libros2_aruco_interfaces__rosidl_typesupport_c.so
[1.361s] -- Up-to-date: /home/cc/ee106a/fa25/class/ee106a-ahe/ros_workspaces/lab7/install/ros2_aruco_interfaces/include/ros2_aruco_interfaces/ros2_aruco_interfaces
[1.362s] -- Up-to-date: /home/cc/ee106a/fa25/class/ee106a-ahe/ros_workspaces/lab7/install/ros2_aruco_interfaces/include/ros2_aruco_interfaces/ros2_aruco_interfaces/msg
[1.364s] -- Up-to-date: /home/cc/ee106a/fa25/class/ee106a-ahe/ros_workspaces/lab7/install/ros2_aruco_interfaces/include/ros2_aruco_interfaces/ros2_aruco_interfaces/msg/detail
[1.365s] -- Up-to-date: /home/cc/ee106a/fa25/class/ee106a-ahe/ros_workspaces/lab7/install/ros2_aruco_interfaces/include/ros2_aruco_interfaces/ros2_aruco_interfaces/msg/detail/aruco_markers__rosidl_typesupport_introspection_cpp.hpp
[1.366s] -- Up-to-date: /home/cc/ee106a/fa25/class/ee106a-ahe/ros_workspaces/lab7/install/ros2_aruco_interfaces/include/ros2_aruco_interfaces/ros2_aruco_interfaces/msg/detail/aruco_markers__type_support.cpp
[1.370s] -- Up-to-date: /home/cc/ee106a/fa25/class/ee106a-ahe/ros_workspaces/lab7/install/ros2_aruco_interfaces/lib/libros2_aruco_interfaces__rosidl_typesupport_introspection_cpp.so
[1.375s] -- Up-to-date: /home/cc/ee106a/fa25/class/ee106a-ahe/ros_workspaces/lab7/install/ros2_aruco_interfaces/lib/libros2_aruco_interfaces__rosidl_typesupport_cpp.so
[1.379s] -- Up-to-date: /home/cc/ee106a/fa25/class/ee106a-ahe/ros_workspaces/lab7/install/ros2_aruco_interfaces/share/ros2_aruco_interfaces/environment/pythonpath.sh
[1.380s] -- Up-to-date: /home/cc/ee106a/fa25/class/ee106a-ahe/ros_workspaces/lab7/install/ros2_aruco_interfaces/share/ros2_aruco_interfaces/environment/pythonpath.dsv
[1.380s] -- Up-to-date: /home/cc/ee106a/fa25/class/ee106a-ahe/ros_workspaces/lab7/install/ros2_aruco_interfaces/local/lib/python3.10/dist-packages/ros2_aruco_interfaces-0.1.0-py3.10.egg-info
[1.382s] -- Installing: /home/cc/ee106a/fa25/class/ee106a-ahe/ros_workspaces/lab7/install/ros2_aruco_interfaces/local/lib/python3.10/dist-packages/ros2_aruco_interfaces-0.1.0-py3.10.egg-info/PKG-INFO
[1.391s] -- Installing: /home/cc/ee106a/fa25/class/ee106a-ahe/ros_workspaces/lab7/install/ros2_aruco_interfaces/local/lib/python3.10/dist-packages/ros2_aruco_interfaces-0.1.0-py3.10.egg-info/dependency_links.txt
[1.401s] -- Installing: /home/cc/ee106a/fa25/class/ee106a-ahe/ros_workspaces/lab7/install/ros2_aruco_interfaces/local/lib/python3.10/dist-packages/ros2_aruco_interfaces-0.1.0-py3.10.egg-info/top_level.txt
[1.410s] -- Installing: /home/cc/ee106a/fa25/class/ee106a-ahe/ros_workspaces/lab7/install/ros2_aruco_interfaces/local/lib/python3.10/dist-packages/ros2_aruco_interfaces-0.1.0-py3.10.egg-info/SOURCES.txt
[1.418s] -- Up-to-date: /home/cc/ee106a/fa25/class/ee106a-ahe/ros_workspaces/lab7/install/ros2_aruco_interfaces/local/lib/python3.10/dist-packages/ros2_aruco_interfaces
[1.420s] -- Up-to-date: /home/cc/ee106a/fa25/class/ee106a-ahe/ros_workspaces/lab7/install/ros2_aruco_interfaces/local/lib/python3.10/dist-packages/ros2_aruco_interfaces/__init__.py
[1.420s] -- Up-to-date: /home/cc/ee106a/fa25/class/ee106a-ahe/ros_workspaces/lab7/install/ros2_aruco_interfaces/local/lib/python3.10/dist-packages/ros2_aruco_interfaces/msg
[1.423s] -- Up-to-date: /home/cc/ee106a/fa25/class/ee106a-ahe/ros_workspaces/lab7/install/ros2_aruco_interfaces/local/lib/python3.10/dist-packages/ros2_aruco_interfaces/msg/_aruco_markers.py
[1.423s] -- Up-to-date: /home/cc/ee106a/fa25/class/ee106a-ahe/ros_workspaces/lab7/install/ros2_aruco_interfaces/local/lib/python3.10/dist-packages/ros2_aruco_interfaces/msg/_aruco_markers_s.c
[1.424s] -- Up-to-date: /home/cc/ee106a/fa25/class/ee106a-ahe/ros_workspaces/lab7/install/ros2_aruco_interfaces/local/lib/python3.10/dist-packages/ros2_aruco_interfaces/msg/__init__.py
[1.425s] -- Up-to-date: /home/cc/ee106a/fa25/class/ee106a-ahe/ros_workspaces/lab7/install/ros2_aruco_interfaces/local/lib/python3.10/dist-packages/ros2_aruco_interfaces/_ros2_aruco_interfaces_s.ep.rosidl_typesupport_fastrtps_c.c
[1.425s] -- Up-to-date: /home/cc/ee106a/fa25/class/ee106a-ahe/ros_workspaces/lab7/install/ros2_aruco_interfaces/local/lib/python3.10/dist-packages/ros2_aruco_interfaces/_ros2_aruco_interfaces_s.ep.rosidl_typesupport_introspection_c.c
[1.426s] -- Up-to-date: /home/cc/ee106a/fa25/class/ee106a-ahe/ros_workspaces/lab7/install/ros2_aruco_interfaces/local/lib/python3.10/dist-packages/ros2_aruco_interfaces/_ros2_aruco_interfaces_s.ep.rosidl_typesupport_c.c
[1.427s] -- Up-to-date: /home/cc/ee106a/fa25/class/ee106a-ahe/ros_workspaces/lab7/install/ros2_aruco_interfaces/local/lib/python3.10/dist-packages/ros2_aruco_interfaces/libros2_aruco_interfaces__rosidl_generator_py.so
[1.428s] -- Up-to-date: /home/cc/ee106a/fa25/class/ee106a-ahe/ros_workspaces/lab7/install/ros2_aruco_interfaces/local/lib/python3.10/dist-packages/ros2_aruco_interfaces/ros2_aruco_interfaces_s__rosidl_typesupport_c.cpython-310-x86_64-linux-gnu.so
[1.428s] -- Up-to-date: /home/cc/ee106a/fa25/class/ee106a-ahe/ros_workspaces/lab7/install/ros2_aruco_interfaces/local/lib/python3.10/dist-packages/ros2_aruco_interfaces/ros2_aruco_interfaces_s__rosidl_typesupport_introspection_c.cpython-310-x86_64-linux-gnu.so
[1.429s] -- Up-to-date: /home/cc/ee106a/fa25/class/ee106a-ahe/ros_workspaces/lab7/install/ros2_aruco_interfaces/local/lib/python3.10/dist-packages/ros2_aruco_interfaces/ros2_aruco_interfaces_s__rosidl_typesupport_fastrtps_c.cpython-310-x86_64-linux-gnu.so
[1.470s] Listing '/home/cc/ee106a/fa25/class/ee106a-ahe/ros_workspaces/lab7/install/ros2_aruco_interfaces/local/lib/python3.10/dist-packages/ros2_aruco_interfaces'...
[1.471s] Listing '/home/cc/ee106a/fa25/class/ee106a-ahe/ros_workspaces/lab7/install/ros2_aruco_interfaces/local/lib/python3.10/dist-packages/ros2_aruco_interfaces/msg'...
[1.476s] -- Up-to-date: /home/cc/ee106a/fa25/class/ee106a-ahe/ros_workspaces/lab7/install/ros2_aruco_interfaces/local/lib/python3.10/dist-packages/ros2_aruco_interfaces/ros2_aruco_interfaces_s__rosidl_typesupport_fastrtps_c.cpython-310-x86_64-linux-gnu.so
[1.481s] -- Up-to-date: /home/cc/ee106a/fa25/class/ee106a-ahe/ros_workspaces/lab7/install/ros2_aruco_interfaces/local/lib/python3.10/dist-packages/ros2_aruco_interfaces/ros2_aruco_interfaces_s__rosidl_typesupport_introspection_c.cpython-310-x86_64-linux-gnu.so
[1.486s] -- Up-to-date: /home/cc/ee106a/fa25/class/ee106a-ahe/ros_workspaces/lab7/install/ros2_aruco_interfaces/local/lib/python3.10/dist-packages/ros2_aruco_interfaces/ros2_aruco_interfaces_s__rosidl_typesupport_c.cpython-310-x86_64-linux-gnu.so
[1.490s] -- Up-to-date: /home/cc/ee106a/fa25/class/ee106a-ahe/ros_workspaces/lab7/install/ros2_aruco_interfaces/lib/libros2_aruco_interfaces__rosidl_generator_py.so
[1.493s] -- Up-to-date: /home/cc/ee106a/fa25/class/ee106a-ahe/ros_workspaces/lab7/install/ros2_aruco_interfaces/share/ros2_aruco_interfaces/msg/ArucoMarkers.idl
[1.494s] -- Up-to-date: /home/cc/ee106a/fa25/class/ee106a-ahe/ros_workspaces/lab7/install/ros2_aruco_interfaces/share/ros2_aruco_interfaces/msg/ArucoMarkers.msg
[1.495s] -- Up-to-date: /home/cc/ee106a/fa25/class/ee106a-ahe/ros_workspaces/lab7/install/ros2_aruco_interfaces/share/ament_index/resource_index/package_run_dependencies/ros2_aruco_interfaces
[1.496s] -- Up-to-date: /home/cc/ee106a/fa25/class/ee106a-ahe/ros_workspaces/lab7/install/ros2_aruco_interfaces/share/ament_index/resource_index/parent_prefix_path/ros2_aruco_interfaces
[1.497s] -- Up-to-date: /home/cc/ee106a/fa25/class/ee106a-ahe/ros_workspaces/lab7/install/ros2_aruco_interfaces/share/ros2_aruco_interfaces/environment/ament_prefix_path.sh
[1.498s] -- Up-to-date: /home/cc/ee106a/fa25/class/ee106a-ahe/ros_workspaces/lab7/install/ros2_aruco_interfaces/share/ros2_aruco_interfaces/environment/ament_prefix_path.dsv
[1.500s] -- Up-to-date: /home/cc/ee106a/fa25/class/ee106a-ahe/ros_workspaces/lab7/install/ros2_aruco_interfaces/share/ros2_aruco_interfaces/environment/path.sh
[1.500s] -- Up-to-date: /home/cc/ee106a/fa25/class/ee106a-ahe/ros_workspaces/lab7/install/ros2_aruco_interfaces/share/ros2_aruco_interfaces/environment/path.dsv
[1.501s] -- Up-to-date: /home/cc/ee106a/fa25/class/ee106a-ahe/ros_workspaces/lab7/install/ros2_aruco_interfaces/share/ros2_aruco_interfaces/local_setup.bash
[1.502s] -- Up-to-date: /home/cc/ee106a/fa25/class/ee106a-ahe/ros_workspaces/lab7/install/ros2_aruco_interfaces/share/ros2_aruco_interfaces/local_setup.sh
[1.503s] -- Up-to-date: /home/cc/ee106a/fa25/class/ee106a-ahe/ros_workspaces/lab7/install/ros2_aruco_interfaces/share/ros2_aruco_interfaces/local_setup.zsh
[1.504s] -- Up-to-date: /home/cc/ee106a/fa25/class/ee106a-ahe/ros_workspaces/lab7/install/ros2_aruco_interfaces/share/ros2_aruco_interfaces/local_setup.dsv
[1.505s] -- Installing: /home/cc/ee106a/fa25/class/ee106a-ahe/ros_workspaces/lab7/install/ros2_aruco_interfaces/share/ros2_aruco_interfaces/package.dsv
[1.514s] -- Up-to-date: /home/cc/ee106a/fa25/class/ee106a-ahe/ros_workspaces/lab7/install/ros2_aruco_interfaces/share/ament_index/resource_index/packages/ros2_aruco_interfaces
[1.519s] -- Up-to-date: /home/cc/ee106a/fa25/class/ee106a-ahe/ros_workspaces/lab7/install/ros2_aruco_interfaces/share/ros2_aruco_interfaces/cmake/export_ros2_aruco_interfaces__rosidl_generator_cExport.cmake
[1.520s] -- Up-to-date: /home/cc/ee106a/fa25/class/ee106a-ahe/ros_workspaces/lab7/install/ros2_aruco_interfaces/share/ros2_aruco_interfaces/cmake/export_ros2_aruco_interfaces__rosidl_generator_cExport-noconfig.cmake
[1.523s] -- Up-to-date: /home/cc/ee106a/fa25/class/ee106a-ahe/ros_workspaces/lab7/install/ros2_aruco_interfaces/share/ros2_aruco_interfaces/cmake/export_ros2_aruco_interfaces__rosidl_typesupport_fastrtps_cExport.cmake
[1.524s] -- Up-to-date: /home/cc/ee106a/fa25/class/ee106a-ahe/ros_workspaces/lab7/install/ros2_aruco_interfaces/share/ros2_aruco_interfaces/cmake/export_ros2_aruco_interfaces__rosidl_typesupport_fastrtps_cExport-noconfig.cmake
[1.528s] -- Up-to-date: /home/cc/ee106a/fa25/class/ee106a-ahe/ros_workspaces/lab7/install/ros2_aruco_interfaces/share/ros2_aruco_interfaces/cmake/export_ros2_aruco_interfaces__rosidl_generator_cppExport.cmake
[1.531s] -- Up-to-date: /home/cc/ee106a/fa25/class/ee106a-ahe/ros_workspaces/lab7/install/ros2_aruco_interfaces/share/ros2_aruco_interfaces/cmake/export_ros2_aruco_interfaces__rosidl_typesupport_fastrtps_cppExport.cmake
[1.532s] -- Up-to-date: /home/cc/ee106a/fa25/class/ee106a-ahe/ros_workspaces/lab7/install/ros2_aruco_interfaces/share/ros2_aruco_interfaces/cmake/export_ros2_aruco_interfaces__rosidl_typesupport_fastrtps_cppExport-noconfig.cmake
[1.535s] -- Up-to-date: /home/cc/ee106a/fa25/class/ee106a-ahe/ros_workspaces/lab7/install/ros2_aruco_interfaces/share/ros2_aruco_interfaces/cmake/ros2_aruco_interfaces__rosidl_typesupport_introspection_cExport.cmake
[1.536s] -- Up-to-date: /home/cc/ee106a/fa25/class/ee106a-ahe/ros_workspaces/lab7/install/ros2_aruco_interfaces/share/ros2_aruco_interfaces/cmake/ros2_aruco_interfaces__rosidl_typesupport_introspection_cExport-noconfig.cmake
[1.539s] -- Up-to-date: /home/cc/ee106a/fa25/class/ee106a-ahe/ros_workspaces/lab7/install/ros2_aruco_interfaces/share/ros2_aruco_interfaces/cmake/ros2_aruco_interfaces__rosidl_typesupport_cExport.cmake
[1.541s] -- Up-to-date: /home/cc/ee106a/fa25/class/ee106a-ahe/ros_workspaces/lab7/install/ros2_aruco_interfaces/share/ros2_aruco_interfaces/cmake/ros2_aruco_interfaces__rosidl_typesupport_cExport-noconfig.cmake
[1.544s] -- Up-to-date: /home/cc/ee106a/fa25/class/ee106a-ahe/ros_workspaces/lab7/install/ros2_aruco_interfaces/share/ros2_aruco_interfaces/cmake/ros2_aruco_interfaces__rosidl_typesupport_introspection_cppExport.cmake
[1.549s] -- Up-to-date: /home/cc/ee106a/fa25/class/ee106a-ahe/ros_workspaces/lab7/install/ros2_aruco_interfaces/share/ros2_aruco_interfaces/cmake/ros2_aruco_interfaces__rosidl_typesupport_introspection_cppExport-noconfig.cmake
[1.549s] -- Up-to-date: /home/cc/ee106a/fa25/class/ee106a-ahe/ros_workspaces/lab7/install/ros2_aruco_interfaces/share/ros2_aruco_interfaces/cmake/ros2_aruco_interfaces__rosidl_typesupport_cppExport.cmake
[1.550s] -- Up-to-date: /home/cc/ee106a/fa25/class/ee106a-ahe/ros_workspaces/lab7/install/ros2_aruco_interfaces/share/ros2_aruco_interfaces/cmake/ros2_aruco_interfaces__rosidl_typesupport_cppExport-noconfig.cmake
[1.553s] -- Up-to-date: /home/cc/ee106a/fa25/class/ee106a-ahe/ros_workspaces/lab7/install/ros2_aruco_interfaces/share/ros2_aruco_interfaces/cmake/export_ros2_aruco_interfaces__rosidl_generator_pyExport.cmake
[1.554s] -- Up-to-date: /home/cc/ee106a/fa25/class/ee106a-ahe/ros_workspaces/lab7/install/ros2_aruco_interfaces/share/ros2_aruco_interfaces/cmake/export_ros2_aruco_interfaces__rosidl_generator_pyExport-noconfig.cmake
[1.554s] -- Up-to-date: /home/cc/ee106a/fa25/class/ee106a-ahe/ros_workspaces/lab7/install/ros2_aruco_interfaces/share/ros2_aruco_interfaces/cmake/rosidl_cmake-extras.cmake
[1.555s] -- Up-to-date: /home/cc/ee106a/fa25/class/ee106a-ahe/ros_workspaces/lab7/install/ros2_aruco_interfaces/share/ros2_aruco_interfaces/cmake/ament_cmake_export_dependencies-extras.cmake
[1.556s] -- Up-to-date: /home/cc/ee106a/fa25/class/ee106a-ahe/ros_workspaces/lab7/install/ros2_aruco_interfaces/share/ros2_aruco_interfaces/cmake/ament_cmake_export_include_directories-extras.cmake
[1.556s] -- Up-to-date: /home/cc/ee106a/fa25/class/ee106a-ahe/ros_workspaces/lab7/install/ros2_aruco_interfaces/share/ros2_aruco_interfaces/cmake/ament_cmake_export_libraries-extras.cmake
[1.557s] -- Up-to-date: /home/cc/ee106a/fa25/class/ee106a-ahe/ros_workspaces/lab7/install/ros2_aruco_interfaces/share/ros2_aruco_interfaces/cmake/ament_cmake_export_targets-extras.cmake
[1.558s] -- Up-to-date: /home/cc/ee106a/fa25/class/ee106a-ahe/ros_workspaces/lab7/install/ros2_aruco_interfaces/share/ros2_aruco_interfaces/cmake/rosidl_cmake_export_typesupport_targets-extras.cmake
[1.559s] -- Up-to-date: /home/cc/ee106a/fa25/class/ee106a-ahe/ros_workspaces/lab7/install/ros2_aruco_interfaces/share/ros2_aruco_interfaces/cmake/rosidl_cmake_export_typesupport_libraries-extras.cmake
[1.560s] -- Up-to-date: /home/cc/ee106a/fa25/class/ee106a-ahe/ros_workspaces/lab7/install/ros2_aruco_interfaces/share/ros2_aruco_interfaces/cmake/ros2_aruco_interfacesConfig.cmake
[1.560s] -- Up-to-date: /home/cc/ee106a/fa25/class/ee106a-ahe/ros_workspaces/lab7/install/ros2_aruco_interfaces/share/ros2_aruco_interfaces/cmake/ros2_aruco_interfacesConfig-version.cmake
[1.562s] -- Up-to-date: /home/cc/ee106a/fa25/class/ee106a-ahe/ros_workspaces/lab7/install/ros2_aruco_interfaces/share/ros2_aruco_interfaces/package.xml
[1.580s] Invoked command in '/home/cc/ee106a/fa25/class/ee106a-ahe/ros_workspaces/lab7/build/ros2_aruco_interfaces' returned '0': CMAKE_PREFIX_PATH=${CMAKE_PREFIX_PATH}:/home/cc/ee106a/fa25/class/ee106a-ahe/ros_workspaces/lab7/install/ros2_aruco:/home/cc/ee106a/fa25/class/ee106a-ahe/ros_workspaces/lab7/install/planning:/home/cc/ee106a/fa25/class/ee106a-ahe/ros_workspaces/lab7/install/perception:/home/ff/ee106a/robot_workspaces/ur/install/ur7e_utils:/opt/ros/humble /usr/bin/cmake --install /home/cc/ee106a/fa25/class/ee106a-ahe/ros_workspaces/lab7/build/ros2_aruco_interfaces
