[1.370s] Invoking command in '/home/cc/ee106a/fa25/class/ee106a-ahe/ros_workspaces/lab7/src/perception': PYTHONPATH=/home/cc/ee106a/fa25/class/ee106a-ahe/ros_workspaces/lab7/build/perception/prefix_override:/usr/lib/python3/dist-packages/colcon_core/task/python/colcon_distutils_commands:/home/cc/ee106a/fa25/class/ee106a-ahe/ros_workspaces/lab7/install/perception/lib/python3.10/site-packages:${PYTHONPATH} /usr/bin/python3 -W ignore:setup.py install is deprecated -W ignore:easy_install command is deprecated setup.py egg_info --egg-base ../../build/perception build --build-base /home/cc/ee106a/fa25/class/ee106a-ahe/ros_workspaces/lab7/build/perception/build install --record /home/cc/ee106a/fa25/class/ee106a-ahe/ros_workspaces/lab7/build/perception/install.log --single-version-externally-managed install_data
[1.589s] running egg_info
[1.590s] writing ../../build/perception/perception.egg-info/PKG-INFO
[1.594s] writing dependency_links to ../../build/perception/perception.egg-info/dependency_links.txt
[1.597s] writing entry points to ../../build/perception/perception.egg-info/entry_points.txt
[1.599s] writing requirements to ../../build/perception/perception.egg-info/requires.txt
[1.602s] writing top-level names to ../../build/perception/perception.egg-info/top_level.txt
[1.608s] reading manifest file '../../build/perception/perception.egg-info/SOURCES.txt'
[1.611s] writing manifest file '../../build/perception/perception.egg-info/SOURCES.txt'
[1.613s] running build
[1.613s] running build_py
[1.616s] copying perception/process_pointcloud.py -> /home/cc/ee106a/fa25/class/ee106a-ahe/ros_workspaces/lab7/build/perception/build/lib/perception
[1.622s] running install
[1.623s] running install_lib
[1.625s] copying /home/cc/ee106a/fa25/class/ee106a-ahe/ros_workspaces/lab7/build/perception/build/lib/perception/process_pointcloud.py -> /home/cc/ee106a/fa25/class/ee106a-ahe/ros_workspaces/lab7/install/perception/lib/python3.10/site-packages/perception
[1.634s] byte-compiling /home/cc/ee106a/fa25/class/ee106a-ahe/ros_workspaces/lab7/install/perception/lib/python3.10/site-packages/perception/process_pointcloud.py to process_pointcloud.cpython-310.pyc
[1.641s] running install_data
[1.641s] running install_egg_info
[1.644s] removing '/home/cc/ee106a/fa25/class/ee106a-ahe/ros_workspaces/lab7/install/perception/lib/python3.10/site-packages/perception-0.0.0-py3.10.egg-info' (and everything under it)
[1.649s] Copying ../../build/perception/perception.egg-info to /home/cc/ee106a/fa25/class/ee106a-ahe/ros_workspaces/lab7/install/perception/lib/python3.10/site-packages/perception-0.0.0-py3.10.egg-info
[1.679s] running install_scripts
[1.699s] Installing interactive_plane script to /home/cc/ee106a/fa25/class/ee106a-ahe/ros_workspaces/lab7/install/perception/lib/perception
[1.701s] Installing process_pointcloud script to /home/cc/ee106a/fa25/class/ee106a-ahe/ros_workspaces/lab7/install/perception/lib/perception
[1.704s] writing list of installed files to '/home/cc/ee106a/fa25/class/ee106a-ahe/ros_workspaces/lab7/build/perception/install.log'
[1.774s] Invoked command in '/home/cc/ee106a/fa25/class/ee106a-ahe/ros_workspaces/lab7/src/perception' returned '0': PYTHONPATH=/home/cc/ee106a/fa25/class/ee106a-ahe/ros_workspaces/lab7/build/perception/prefix_override:/usr/lib/python3/dist-packages/colcon_core/task/python/colcon_distutils_commands:/home/cc/ee106a/fa25/class/ee106a-ahe/ros_workspaces/lab7/install/perception/lib/python3.10/site-packages:${PYTHONPATH} /usr/bin/python3 -W ignore:setup.py install is deprecated -W ignore:easy_install command is deprecated setup.py egg_info --egg-base ../../build/perception build --build-base /home/cc/ee106a/fa25/class/ee106a-ahe/ros_workspaces/lab7/build/perception/build install --record /home/cc/ee106a/fa25/class/ee106a-ahe/ros_workspaces/lab7/build/perception/install.log --single-version-externally-managed install_data
