[0.918s] Invoking command in '/home/cc/ee106a/fa25/class/ee106a-ahe/ros_workspaces/lab7/build/ros2_aruco_interfaces': CMAKE_PREFIX_PATH=${CMAKE_PREFIX_PATH}:/home/cc/ee106a/fa25/class/ee106a-ahe/ros_workspaces/lab7/install/ros2_aruco:/home/cc/ee106a/fa25/class/ee106a-ahe/ros_workspaces/lab7/install/planning:/home/cc/ee106a/fa25/class/ee106a-ahe/ros_workspaces/lab7/install/perception:/home/ff/ee106a/robot_workspaces/ur/install/ur7e_utils:/opt/ros/humble /usr/bin/cmake --build /home/cc/ee106a/fa25/class/ee106a-ahe/ros_workspaces/lab7/build/ros2_aruco_interfaces -- -j32 -l32
[1.097s] [  3%] Built target ros2_aruco_interfaces__cpp
[1.138s] [ 12%] Built target ros2_aruco_interfaces__rosidl_generator_c
[1.233s] [ 22%] Built target ros2_aruco_interfaces__rosidl_typesupport_cpp
[1.243s] [ 41%] Built target ros2_aruco_interfaces__rosidl_typesupport_introspection_cpp
[1.245s] [ 41%] Built target ros2_aruco_interfaces__rosidl_typesupport_fastrtps_cpp
[1.249s] [ 41%] Built target ament_cmake_python_copy_ros2_aruco_interfaces
[1.301s] [ 51%] Built target ros2_aruco_interfaces__rosidl_typesupport_fastrtps_c
[1.316s] [ 70%] Built target ros2_aruco_interfaces__rosidl_typesupport_c
[1.316s] [ 70%] Built target ros2_aruco_interfaces__rosidl_typesupport_introspection_c
[1.357s] [ 70%] Built target ros2_aruco_interfaces
[1.397s] [ 74%] Built target ros2_aruco_interfaces__py
[1.451s] [ 80%] Built target ros2_aruco_interfaces__rosidl_generator_py
[1.525s] [ 87%] Built target ros2_aruco_interfaces__rosidl_typesupport_fastrtps_c__pyext
[1.535s] [100%] Built target ros2_aruco_interfaces__rosidl_typesupport_introspection_c__pyext
[1.536s] [100%] Built target ros2_aruco_interfaces__rosidl_typesupport_c__pyext
[1.643s] running egg_info
[1.644s] writing ros2_aruco_interfaces.egg-info/PKG-INFO
[1.647s] writing dependency_links to ros2_aruco_interfaces.egg-info/dependency_links.txt
[1.650s] writing top-level names to ros2_aruco_interfaces.egg-info/top_level.txt
[1.655s] reading manifest file 'ros2_aruco_interfaces.egg-info/SOURCES.txt'
[1.657s] writing manifest file 'ros2_aruco_interfaces.egg-info/SOURCES.txt'
[1.684s] [100%] Built target ament_cmake_python_build_ros2_aruco_interfaces_egg
[1.721s] Invoked command in '/home/cc/ee106a/fa25/class/ee106a-ahe/ros_workspaces/lab7/build/ros2_aruco_interfaces' returned '0': CMAKE_PREFIX_PATH=${CMAKE_PREFIX_PATH}:/home/cc/ee106a/fa25/class/ee106a-ahe/ros_workspaces/lab7/install/ros2_aruco:/home/cc/ee106a/fa25/class/ee106a-ahe/ros_workspaces/lab7/install/planning:/home/cc/ee106a/fa25/class/ee106a-ahe/ros_workspaces/lab7/install/perception:/home/ff/ee106a/robot_workspaces/ur/install/ur7e_utils:/opt/ros/humble /usr/bin/cmake --build /home/cc/ee106a/fa25/class/ee106a-ahe/ros_workspaces/lab7/build/ros2_aruco_interfaces -- -j32 -l32
[1.725s] Invoking command in '/home/cc/ee106a/fa25/class/ee106a-ahe/ros_workspaces/lab7/build/ros2_aruco_interfaces': CMAKE_PREFIX_PATH=${CMAKE_PREFIX_PATH}:/home/cc/ee106a/fa25/class/ee106a-ahe/ros_workspaces/lab7/install/ros2_aruco:/home/cc/ee106a/fa25/class/ee106a-ahe/ros_workspaces/lab7/install/planning:/home/cc/ee106a/fa25/class/ee106a-ahe/ros_workspaces/lab7/install/perception:/home/ff/ee106a/robot_workspaces/ur/install/ur7e_utils:/opt/ros/humble /usr/bin/cmake --install /home/cc/ee106a/fa25/class/ee106a-ahe/ros_workspaces/lab7/build/ros2_aruco_interfaces
[1.736s] -- Install configuration: ""
[1.738s] -- Up-to-date: /home/cc/ee106a/fa25/class/ee106a-ahe/ros_workspaces/lab7/install/ros2_aruco_interfaces/share/ament_index/resource_index/rosidl_interfaces/ros2_aruco_interfaces
[1.739s] -- Up-to-date: /home/cc/ee106a/fa25/class/ee106a-ahe/ros_workspaces/lab7/install/ros2_aruco_interfaces/include/ros2_aruco_interfaces/ros2_aruco_interfaces
[1.740s] -- Up-to-date: /home/cc/ee106a/fa25/class/ee106a-ahe/ros_workspaces/lab7/install/ros2_aruco_interfaces/include/ros2_aruco_interfaces/ros2_aruco_interfaces/msg
[1.741s] -- Up-to-date: /home/cc/ee106a/fa25/class/ee106a-ahe/ros_workspaces/lab7/install/ros2_aruco_interfaces/include/ros2_aruco_interfaces/ros2_aruco_interfaces/msg/aruco_markers.h
[1.742s] -- Up-to-date: /home/cc/ee106a/fa25/class/ee106a-ahe/ros_workspaces/lab7/install/ros2_aruco_interfaces/include/ros2_aruco_interfaces/ros2_aruco_interfaces/msg/rosidl_generator_c__visibility_control.h
[1.743s] -- Up-to-date: /home/cc/ee106a/fa25/class/ee106a-ahe/ros_workspaces/lab7/install/ros2_aruco_interfaces/include/ros2_aruco_interfaces/ros2_aruco_interfaces/msg/detail
[1.744s] -- Up-to-date: /home/cc/ee106a/fa25/class/ee106a-ahe/ros_workspaces/lab7/install/ros2_aruco_interfaces/include/ros2_aruco_interfaces/ros2_aruco_interfaces/msg/detail/aruco_markers__functions.c
[1.745s] -- Up-to-date: /home/cc/ee106a/fa25/class/ee106a-ahe/ros_workspaces/lab7/install/ros2_aruco_interfaces/include/ros2_aruco_interfaces/ros2_aruco_interfaces/msg/detail/aruco_markers__functions.h
[1.745s] -- Up-to-date: /home/cc/ee106a/fa25/class/ee106a-ahe/ros_workspaces/lab7/install/ros2_aruco_interfaces/include/ros2_aruco_interfaces/ros2_aruco_interfaces/msg/detail/aruco_markers__struct.h
[1.746s] -- Up-to-date: /home/cc/ee106a/fa25/class/ee106a-ahe/ros_workspaces/lab7/install/ros2_aruco_interfaces/include/ros2_aruco_interfaces/ros2_aruco_interfaces/msg/detail/aruco_markers__type_support.h
[1.747s] -- Up-to-date: /home/cc/ee106a/fa25/class/ee106a-ahe/ros_workspaces/lab7/install/ros2_aruco_interfaces/share/ros2_aruco_interfaces/environment/library_path.sh
[1.748s] -- Up-to-date: /home/cc/ee106a/fa25/class/ee106a-ahe/ros_workspaces/lab7/install/ros2_aruco_interfaces/share/ros2_aruco_interfaces/environment/library_path.dsv
[1.749s] -- Up-to-date: /home/cc/ee106a/fa25/class/ee106a-ahe/ros_workspaces/lab7/install/ros2_aruco_interfaces/lib/libros2_aruco_interfaces__rosidl_generator_c.so
[1.752s] -- Up-to-date: /home/cc/ee106a/fa25/class/ee106a-ahe/ros_workspaces/lab7/install/ros2_aruco_interfaces/include/ros2_aruco_interfaces/ros2_aruco_interfaces
[1.753s] -- Up-to-date: /home/cc/ee106a/fa25/class/ee106a-ahe/ros_workspaces/lab7/install/ros2_aruco_interfaces/include/ros2_aruco_interfaces/ros2_aruco_interfaces/msg
[1.755s] -- Up-to-date: /home/cc/ee106a/fa25/class/ee106a-ahe/ros_workspaces/lab7/install/ros2_aruco_interfaces/include/ros2_aruco_interfaces/ros2_aruco_interfaces/msg/detail
[1.756s] -- Up-to-date: /home/cc/ee106a/fa25/class/ee106a-ahe/ros_workspaces/lab7/install/ros2_aruco_interfaces/include/ros2_aruco_interfaces/ros2_aruco_interfaces/msg/detail/aruco_markers__rosidl_typesupport_fastrtps_c.h
[1.757s] -- Up-to-date: /home/cc/ee106a/fa25/class/ee106a-ahe/ros_workspaces/lab7/install/ros2_aruco_interfaces/include/ros2_aruco_interfaces/ros2_aruco_interfaces/msg/rosidl_typesupport_fastrtps_c__visibility_control.h
[1.758s] -- Up-to-date: /home/cc/ee106a/fa25/class/ee106a-ahe/ros_workspaces/lab7/install/ros2_aruco_interfaces/lib/libros2_aruco_interfaces__rosidl_typesupport_fastrtps_c.so
[1.761s] -- Up-to-date: /home/cc/ee106a/fa25/class/ee106a-ahe/ros_workspaces/lab7/install/ros2_aruco_interfaces/include/ros2_aruco_interfaces/ros2_aruco_interfaces
[1.762s] -- Up-to-date: /home/cc/ee106a/fa25/class/ee106a-ahe/ros_workspaces/lab7/install/ros2_aruco_interfaces/include/ros2_aruco_interfaces/ros2_aruco_interfaces/msg
[1.764s] -- Up-to-date: /home/cc/ee106a/fa25/class/ee106a-ahe/ros_workspaces/lab7/install/ros2_aruco_interfaces/include/ros2_aruco_interfaces/ros2_aruco_interfaces/msg/aruco_markers.hpp
[1.764s] -- Up-to-date: /home/cc/ee106a/fa25/class/ee106a-ahe/ros_workspaces/lab7/install/ros2_aruco_interfaces/include/ros2_aruco_interfaces/ros2_aruco_interfaces/msg/rosidl_generator_cpp__visibility_control.hpp
[1.765s] -- Up-to-date: /home/cc/ee106a/fa25/class/ee106a-ahe/ros_workspaces/lab7/install/ros2_aruco_interfaces/include/ros2_aruco_interfaces/ros2_aruco_interfaces/msg/detail
[1.767s] -- Up-to-date: /home/cc/ee106a/fa25/class/ee106a-ahe/ros_workspaces/lab7/install/ros2_aruco_interfaces/include/ros2_aruco_interfaces/ros2_aruco_interfaces/msg/detail/aruco_markers__builder.hpp
[1.768s] -- Up-to-date: /home/cc/ee106a/fa25/class/ee106a-ahe/ros_workspaces/lab7/install/ros2_aruco_interfaces/include/ros2_aruco_interfaces/ros2_aruco_interfaces/msg/detail/aruco_markers__struct.hpp
[1.768s] -- Up-to-date: /home/cc/ee106a/fa25/class/ee106a-ahe/ros_workspaces/lab7/install/ros2_aruco_interfaces/include/ros2_aruco_interfaces/ros2_aruco_interfaces/msg/detail/aruco_markers__traits.hpp
[1.770s] -- Up-to-date: /home/cc/ee106a/fa25/class/ee106a-ahe/ros_workspaces/lab7/install/ros2_aruco_interfaces/include/ros2_aruco_interfaces/ros2_aruco_interfaces/msg/detail/aruco_markers__type_support.hpp
[1.770s] -- Up-to-date: /home/cc/ee106a/fa25/class/ee106a-ahe/ros_workspaces/lab7/install/ros2_aruco_interfaces/include/ros2_aruco_interfaces/ros2_aruco_interfaces
[1.772s] -- Up-to-date: /home/cc/ee106a/fa25/class/ee106a-ahe/ros_workspaces/lab7/install/ros2_aruco_interfaces/include/ros2_aruco_interfaces/ros2_aruco_interfaces/msg
[1.773s] -- Up-to-date: /home/cc/ee106a/fa25/class/ee106a-ahe/ros_workspaces/lab7/install/ros2_aruco_interfaces/include/ros2_aruco_interfaces/ros2_aruco_interfaces/msg/detail
[1.775s] -- Up-to-date: /home/cc/ee106a/fa25/class/ee106a-ahe/ros_workspaces/lab7/install/ros2_aruco_interfaces/include/ros2_aruco_interfaces/ros2_aruco_interfaces/msg/detail/aruco_markers__rosidl_typesupport_fastrtps_cpp.hpp
[1.776s] -- Up-to-date: /home/cc/ee106a/fa25/class/ee106a-ahe/ros_workspaces/lab7/install/ros2_aruco_interfaces/include/ros2_aruco_interfaces/ros2_aruco_interfaces/msg/detail/dds_fastrtps
[1.777s] -- Up-to-date: /home/cc/ee106a/fa25/class/ee106a-ahe/ros_workspaces/lab7/install/ros2_aruco_interfaces/include/ros2_aruco_interfaces/ros2_aruco_interfaces/msg/rosidl_typesupport_fastrtps_cpp__visibility_control.h
[1.779s] -- Up-to-date: /home/cc/ee106a/fa25/class/ee106a-ahe/ros_workspaces/lab7/install/ros2_aruco_interfaces/lib/libros2_aruco_interfaces__rosidl_typesupport_fastrtps_cpp.so
[1.782s] -- Up-to-date: /home/cc/ee106a/fa25/class/ee106a-ahe/ros_workspaces/lab7/install/ros2_aruco_interfaces/include/ros2_aruco_interfaces/ros2_aruco_interfaces
[1.784s] -- Up-to-date: /home/cc/ee106a/fa25/class/ee106a-ahe/ros_workspaces/lab7/install/ros2_aruco_interfaces/include/ros2_aruco_interfaces/ros2_aruco_interfaces/msg
[1.786s] -- Up-to-date: /home/cc/ee106a/fa25/class/ee106a-ahe/ros_workspaces/lab7/install/ros2_aruco_interfaces/include/ros2_aruco_interfaces/ros2_aruco_interfaces/msg/detail
[1.787s] -- Up-to-date: /home/cc/ee106a/fa25/class/ee106a-ahe/ros_workspaces/lab7/install/ros2_aruco_interfaces/include/ros2_aruco_interfaces/ros2_aruco_interfaces/msg/detail/aruco_markers__rosidl_typesupport_introspection_c.h
[1.788s] -- Up-to-date: /home/cc/ee106a/fa25/class/ee106a-ahe/ros_workspaces/lab7/install/ros2_aruco_interfaces/include/ros2_aruco_interfaces/ros2_aruco_interfaces/msg/detail/aruco_markers__type_support.c
[1.789s] -- Up-to-date: /home/cc/ee106a/fa25/class/ee106a-ahe/ros_workspaces/lab7/install/ros2_aruco_interfaces/include/ros2_aruco_interfaces/ros2_aruco_interfaces/msg/rosidl_typesupport_introspection_c__visibility_control.h
[1.790s] -- Up-to-date: /home/cc/ee106a/fa25/class/ee106a-ahe/ros_workspaces/lab7/install/ros2_aruco_interfaces/lib/libros2_aruco_interfaces__rosidl_typesupport_introspection_c.so
[1.793s] -- Up-to-date: /home/cc/ee106a/fa25/class/ee106a-ahe/ros_workspaces/lab7/install/ros2_aruco_interfaces/lib/libros2_aruco_interfaces__rosidl_typesupport_c.so
[1.796s] -- Up-to-date: /home/cc/ee106a/fa25/class/ee106a-ahe/ros_workspaces/lab7/install/ros2_aruco_interfaces/include/ros2_aruco_interfaces/ros2_aruco_interfaces
[1.798s] -- Up-to-date: /home/cc/ee106a/fa25/class/ee106a-ahe/ros_workspaces/lab7/install/ros2_aruco_interfaces/include/ros2_aruco_interfaces/ros2_aruco_interfaces/msg
[1.799s] -- Up-to-date: /home/cc/ee106a/fa25/class/ee106a-ahe/ros_workspaces/lab7/install/ros2_aruco_interfaces/include/ros2_aruco_interfaces/ros2_aruco_interfaces/msg/detail
[1.801s] -- Up-to-date: /home/cc/ee106a/fa25/class/ee106a-ahe/ros_workspaces/lab7/install/ros2_aruco_interfaces/include/ros2_aruco_interfaces/ros2_aruco_interfaces/msg/detail/aruco_markers__rosidl_typesupport_introspection_cpp.hpp
[1.801s] -- Up-to-date: /home/cc/ee106a/fa25/class/ee106a-ahe/ros_workspaces/lab7/install/ros2_aruco_interfaces/include/ros2_aruco_interfaces/ros2_aruco_interfaces/msg/detail/aruco_markers__type_support.cpp
[1.803s] -- Up-to-date: /home/cc/ee106a/fa25/class/ee106a-ahe/ros_workspaces/lab7/install/ros2_aruco_interfaces/lib/libros2_aruco_interfaces__rosidl_typesupport_introspection_cpp.so
[1.808s] -- Up-to-date: /home/cc/ee106a/fa25/class/ee106a-ahe/ros_workspaces/lab7/install/ros2_aruco_interfaces/lib/libros2_aruco_interfaces__rosidl_typesupport_cpp.so
[1.811s] -- Up-to-date: /home/cc/ee106a/fa25/class/ee106a-ahe/ros_workspaces/lab7/install/ros2_aruco_interfaces/share/ros2_aruco_interfaces/environment/pythonpath.sh
[1.812s] -- Up-to-date: /home/cc/ee106a/fa25/class/ee106a-ahe/ros_workspaces/lab7/install/ros2_aruco_interfaces/share/ros2_aruco_interfaces/environment/pythonpath.dsv
[1.813s] -- Up-to-date: /home/cc/ee106a/fa25/class/ee106a-ahe/ros_workspaces/lab7/install/ros2_aruco_interfaces/local/lib/python3.10/dist-packages/ros2_aruco_interfaces-0.1.0-py3.10.egg-info
[1.814s] -- Installing: /home/cc/ee106a/fa25/class/ee106a-ahe/ros_workspaces/lab7/install/ros2_aruco_interfaces/local/lib/python3.10/dist-packages/ros2_aruco_interfaces-0.1.0-py3.10.egg-info/PKG-INFO
[1.821s] -- Installing: /home/cc/ee106a/fa25/class/ee106a-ahe/ros_workspaces/lab7/install/ros2_aruco_interfaces/local/lib/python3.10/dist-packages/ros2_aruco_interfaces-0.1.0-py3.10.egg-info/dependency_links.txt
[1.828s] -- Installing: /home/cc/ee106a/fa25/class/ee106a-ahe/ros_workspaces/lab7/install/ros2_aruco_interfaces/local/lib/python3.10/dist-packages/ros2_aruco_interfaces-0.1.0-py3.10.egg-info/top_level.txt
[1.835s] -- Installing: /home/cc/ee106a/fa25/class/ee106a-ahe/ros_workspaces/lab7/install/ros2_aruco_interfaces/local/lib/python3.10/dist-packages/ros2_aruco_interfaces-0.1.0-py3.10.egg-info/SOURCES.txt
[1.844s] -- Up-to-date: /home/cc/ee106a/fa25/class/ee106a-ahe/ros_workspaces/lab7/install/ros2_aruco_interfaces/local/lib/python3.10/dist-packages/ros2_aruco_interfaces
[1.845s] -- Up-to-date: /home/cc/ee106a/fa25/class/ee106a-ahe/ros_workspaces/lab7/install/ros2_aruco_interfaces/local/lib/python3.10/dist-packages/ros2_aruco_interfaces/__init__.py
[1.846s] -- Up-to-date: /home/cc/ee106a/fa25/class/ee106a-ahe/ros_workspaces/lab7/install/ros2_aruco_interfaces/local/lib/python3.10/dist-packages/ros2_aruco_interfaces/msg
[1.847s] -- Up-to-date: /home/cc/ee106a/fa25/class/ee106a-ahe/ros_workspaces/lab7/install/ros2_aruco_interfaces/local/lib/python3.10/dist-packages/ros2_aruco_interfaces/msg/_aruco_markers.py
[1.848s] -- Up-to-date: /home/cc/ee106a/fa25/class/ee106a-ahe/ros_workspaces/lab7/install/ros2_aruco_interfaces/local/lib/python3.10/dist-packages/ros2_aruco_interfaces/msg/_aruco_markers_s.c
[1.849s] -- Up-to-date: /home/cc/ee106a/fa25/class/ee106a-ahe/ros_workspaces/lab7/install/ros2_aruco_interfaces/local/lib/python3.10/dist-packages/ros2_aruco_interfaces/msg/__init__.py
[1.850s] -- Up-to-date: /home/cc/ee106a/fa25/class/ee106a-ahe/ros_workspaces/lab7/install/ros2_aruco_interfaces/local/lib/python3.10/dist-packages/ros2_aruco_interfaces/_ros2_aruco_interfaces_s.ep.rosidl_typesupport_fastrtps_c.c
[1.851s] -- Up-to-date: /home/cc/ee106a/fa25/class/ee106a-ahe/ros_workspaces/lab7/install/ros2_aruco_interfaces/local/lib/python3.10/dist-packages/ros2_aruco_interfaces/_ros2_aruco_interfaces_s.ep.rosidl_typesupport_introspection_c.c
[1.852s] -- Up-to-date: /home/cc/ee106a/fa25/class/ee106a-ahe/ros_workspaces/lab7/install/ros2_aruco_interfaces/local/lib/python3.10/dist-packages/ros2_aruco_interfaces/_ros2_aruco_interfaces_s.ep.rosidl_typesupport_c.c
[1.852s] -- Up-to-date: /home/cc/ee106a/fa25/class/ee106a-ahe/ros_workspaces/lab7/install/ros2_aruco_interfaces/local/lib/python3.10/dist-packages/ros2_aruco_interfaces/libros2_aruco_interfaces__rosidl_generator_py.so
[1.853s] -- Up-to-date: /home/cc/ee106a/fa25/class/ee106a-ahe/ros_workspaces/lab7/install/ros2_aruco_interfaces/local/lib/python3.10/dist-packages/ros2_aruco_interfaces/ros2_aruco_interfaces_s__rosidl_typesupport_fastrtps_c.cpython-310-x86_64-linux-gnu.so
[1.854s] -- Up-to-date: /home/cc/ee106a/fa25/class/ee106a-ahe/ros_workspaces/lab7/install/ros2_aruco_interfaces/local/lib/python3.10/dist-packages/ros2_aruco_interfaces/ros2_aruco_interfaces_s__rosidl_typesupport_introspection_c.cpython-310-x86_64-linux-gnu.so
[1.855s] -- Up-to-date: /home/cc/ee106a/fa25/class/ee106a-ahe/ros_workspaces/lab7/install/ros2_aruco_interfaces/local/lib/python3.10/dist-packages/ros2_aruco_interfaces/ros2_aruco_interfaces_s__rosidl_typesupport_c.cpython-310-x86_64-linux-gnu.so
[1.916s] Listing '/home/cc/ee106a/fa25/class/ee106a-ahe/ros_workspaces/lab7/install/ros2_aruco_interfaces/local/lib/python3.10/dist-packages/ros2_aruco_interfaces'...
[1.917s] Listing '/home/cc/ee106a/fa25/class/ee106a-ahe/ros_workspaces/lab7/install/ros2_aruco_interfaces/local/lib/python3.10/dist-packages/ros2_aruco_interfaces/msg'...
[1.926s] -- Up-to-date: /home/cc/ee106a/fa25/class/ee106a-ahe/ros_workspaces/lab7/install/ros2_aruco_interfaces/local/lib/python3.10/dist-packages/ros2_aruco_interfaces/ros2_aruco_interfaces_s__rosidl_typesupport_fastrtps_c.cpython-310-x86_64-linux-gnu.so
[1.932s] -- Up-to-date: /home/cc/ee106a/fa25/class/ee106a-ahe/ros_workspaces/lab7/install/ros2_aruco_interfaces/local/lib/python3.10/dist-packages/ros2_aruco_interfaces/ros2_aruco_interfaces_s__rosidl_typesupport_introspection_c.cpython-310-x86_64-linux-gnu.so
[1.938s] -- Up-to-date: /home/cc/ee106a/fa25/class/ee106a-ahe/ros_workspaces/lab7/install/ros2_aruco_interfaces/local/lib/python3.10/dist-packages/ros2_aruco_interfaces/ros2_aruco_interfaces_s__rosidl_typesupport_c.cpython-310-x86_64-linux-gnu.so
[1.941s] -- Up-to-date: /home/cc/ee106a/fa25/class/ee106a-ahe/ros_workspaces/lab7/install/ros2_aruco_interfaces/lib/libros2_aruco_interfaces__rosidl_generator_py.so
[1.945s] -- Up-to-date: /home/cc/ee106a/fa25/class/ee106a-ahe/ros_workspaces/lab7/install/ros2_aruco_interfaces/share/ros2_aruco_interfaces/msg/ArucoMarkers.idl
[1.946s] -- Up-to-date: /home/cc/ee106a/fa25/class/ee106a-ahe/ros_workspaces/lab7/install/ros2_aruco_interfaces/share/ros2_aruco_interfaces/msg/ArucoMarkers.msg
[1.947s] -- Up-to-date: /home/cc/ee106a/fa25/class/ee106a-ahe/ros_workspaces/lab7/install/ros2_aruco_interfaces/share/ament_index/resource_index/package_run_dependencies/ros2_aruco_interfaces
[1.948s] -- Up-to-date: /home/cc/ee106a/fa25/class/ee106a-ahe/ros_workspaces/lab7/install/ros2_aruco_interfaces/share/ament_index/resource_index/parent_prefix_path/ros2_aruco_interfaces
[1.948s] -- Up-to-date: /home/cc/ee106a/fa25/class/ee106a-ahe/ros_workspaces/lab7/install/ros2_aruco_interfaces/share/ros2_aruco_interfaces/environment/ament_prefix_path.sh
[1.949s] -- Up-to-date: /home/cc/ee106a/fa25/class/ee106a-ahe/ros_workspaces/lab7/install/ros2_aruco_interfaces/share/ros2_aruco_interfaces/environment/ament_prefix_path.dsv
[1.950s] -- Up-to-date: /home/cc/ee106a/fa25/class/ee106a-ahe/ros_workspaces/lab7/install/ros2_aruco_interfaces/share/ros2_aruco_interfaces/environment/path.sh
[1.951s] -- Up-to-date: /home/cc/ee106a/fa25/class/ee106a-ahe/ros_workspaces/lab7/install/ros2_aruco_interfaces/share/ros2_aruco_interfaces/environment/path.dsv
[1.953s] -- Up-to-date: /home/cc/ee106a/fa25/class/ee106a-ahe/ros_workspaces/lab7/install/ros2_aruco_interfaces/share/ros2_aruco_interfaces/local_setup.bash
[1.953s] -- Up-to-date: /home/cc/ee106a/fa25/class/ee106a-ahe/ros_workspaces/lab7/install/ros2_aruco_interfaces/share/ros2_aruco_interfaces/local_setup.sh
[1.954s] -- Up-to-date: /home/cc/ee106a/fa25/class/ee106a-ahe/ros_workspaces/lab7/install/ros2_aruco_interfaces/share/ros2_aruco_interfaces/local_setup.zsh
[1.955s] -- Up-to-date: /home/cc/ee106a/fa25/class/ee106a-ahe/ros_workspaces/lab7/install/ros2_aruco_interfaces/share/ros2_aruco_interfaces/local_setup.dsv
[1.956s] -- Installing: /home/cc/ee106a/fa25/class/ee106a-ahe/ros_workspaces/lab7/install/ros2_aruco_interfaces/share/ros2_aruco_interfaces/package.dsv
[1.966s] -- Up-to-date: /home/cc/ee106a/fa25/class/ee106a-ahe/ros_workspaces/lab7/install/ros2_aruco_interfaces/share/ament_index/resource_index/packages/ros2_aruco_interfaces
[1.969s] -- Up-to-date: /home/cc/ee106a/fa25/class/ee106a-ahe/ros_workspaces/lab7/install/ros2_aruco_interfaces/share/ros2_aruco_interfaces/cmake/export_ros2_aruco_interfaces__rosidl_generator_cExport.cmake
[1.970s] -- Up-to-date: /home/cc/ee106a/fa25/class/ee106a-ahe/ros_workspaces/lab7/install/ros2_aruco_interfaces/share/ros2_aruco_interfaces/cmake/export_ros2_aruco_interfaces__rosidl_generator_cExport-noconfig.cmake
[1.973s] -- Up-to-date: /home/cc/ee106a/fa25/class/ee106a-ahe/ros_workspaces/lab7/install/ros2_aruco_interfaces/share/ros2_aruco_interfaces/cmake/export_ros2_aruco_interfaces__rosidl_typesupport_fastrtps_cExport.cmake
[1.975s] -- Up-to-date: /home/cc/ee106a/fa25/class/ee106a-ahe/ros_workspaces/lab7/install/ros2_aruco_interfaces/share/ros2_aruco_interfaces/cmake/export_ros2_aruco_interfaces__rosidl_typesupport_fastrtps_cExport-noconfig.cmake
[1.979s] -- Up-to-date: /home/cc/ee106a/fa25/class/ee106a-ahe/ros_workspaces/lab7/install/ros2_aruco_interfaces/share/ros2_aruco_interfaces/cmake/export_ros2_aruco_interfaces__rosidl_generator_cppExport.cmake
[1.983s] -- Up-to-date: /home/cc/ee106a/fa25/class/ee106a-ahe/ros_workspaces/lab7/install/ros2_aruco_interfaces/share/ros2_aruco_interfaces/cmake/export_ros2_aruco_interfaces__rosidl_typesupport_fastrtps_cppExport.cmake
[1.984s] -- Up-to-date: /home/cc/ee106a/fa25/class/ee106a-ahe/ros_workspaces/lab7/install/ros2_aruco_interfaces/share/ros2_aruco_interfaces/cmake/export_ros2_aruco_interfaces__rosidl_typesupport_fastrtps_cppExport-noconfig.cmake
[1.988s] -- Up-to-date: /home/cc/ee106a/fa25/class/ee106a-ahe/ros_workspaces/lab7/install/ros2_aruco_interfaces/share/ros2_aruco_interfaces/cmake/ros2_aruco_interfaces__rosidl_typesupport_introspection_cExport.cmake
[1.988s] -- Up-to-date: /home/cc/ee106a/fa25/class/ee106a-ahe/ros_workspaces/lab7/install/ros2_aruco_interfaces/share/ros2_aruco_interfaces/cmake/ros2_aruco_interfaces__rosidl_typesupport_introspection_cExport-noconfig.cmake
[1.991s] -- Up-to-date: /home/cc/ee106a/fa25/class/ee106a-ahe/ros_workspaces/lab7/install/ros2_aruco_interfaces/share/ros2_aruco_interfaces/cmake/ros2_aruco_interfaces__rosidl_typesupport_cExport.cmake
[1.993s] -- Up-to-date: /home/cc/ee106a/fa25/class/ee106a-ahe/ros_workspaces/lab7/install/ros2_aruco_interfaces/share/ros2_aruco_interfaces/cmake/ros2_aruco_interfaces__rosidl_typesupport_cExport-noconfig.cmake
[1.996s] -- Up-to-date: /home/cc/ee106a/fa25/class/ee106a-ahe/ros_workspaces/lab7/install/ros2_aruco_interfaces/share/ros2_aruco_interfaces/cmake/ros2_aruco_interfaces__rosidl_typesupport_introspection_cppExport.cmake
[1.997s] -- Up-to-date: /home/cc/ee106a/fa25/class/ee106a-ahe/ros_workspaces/lab7/install/ros2_aruco_interfaces/share/ros2_aruco_interfaces/cmake/ros2_aruco_interfaces__rosidl_typesupport_introspection_cppExport-noconfig.cmake
[2.000s] -- Up-to-date: /home/cc/ee106a/fa25/class/ee106a-ahe/ros_workspaces/lab7/install/ros2_aruco_interfaces/share/ros2_aruco_interfaces/cmake/ros2_aruco_interfaces__rosidl_typesupport_cppExport.cmake
[2.001s] -- Up-to-date: /home/cc/ee106a/fa25/class/ee106a-ahe/ros_workspaces/lab7/install/ros2_aruco_interfaces/share/ros2_aruco_interfaces/cmake/ros2_aruco_interfaces__rosidl_typesupport_cppExport-noconfig.cmake
[2.004s] -- Up-to-date: /home/cc/ee106a/fa25/class/ee106a-ahe/ros_workspaces/lab7/install/ros2_aruco_interfaces/share/ros2_aruco_interfaces/cmake/export_ros2_aruco_interfaces__rosidl_generator_pyExport.cmake
[2.005s] -- Up-to-date: /home/cc/ee106a/fa25/class/ee106a-ahe/ros_workspaces/lab7/install/ros2_aruco_interfaces/share/ros2_aruco_interfaces/cmake/export_ros2_aruco_interfaces__rosidl_generator_pyExport-noconfig.cmake
[2.006s] -- Up-to-date: /home/cc/ee106a/fa25/class/ee106a-ahe/ros_workspaces/lab7/install/ros2_aruco_interfaces/share/ros2_aruco_interfaces/cmake/rosidl_cmake-extras.cmake
[2.007s] -- Up-to-date: /home/cc/ee106a/fa25/class/ee106a-ahe/ros_workspaces/lab7/install/ros2_aruco_interfaces/share/ros2_aruco_interfaces/cmake/ament_cmake_export_dependencies-extras.cmake
[2.008s] -- Up-to-date: /home/cc/ee106a/fa25/class/ee106a-ahe/ros_workspaces/lab7/install/ros2_aruco_interfaces/share/ros2_aruco_interfaces/cmake/ament_cmake_export_include_directories-extras.cmake
[2.009s] -- Up-to-date: /home/cc/ee106a/fa25/class/ee106a-ahe/ros_workspaces/lab7/install/ros2_aruco_interfaces/share/ros2_aruco_interfaces/cmake/ament_cmake_export_libraries-extras.cmake
[2.010s] -- Up-to-date: /home/cc/ee106a/fa25/class/ee106a-ahe/ros_workspaces/lab7/install/ros2_aruco_interfaces/share/ros2_aruco_interfaces/cmake/ament_cmake_export_targets-extras.cmake
[2.011s] -- Up-to-date: /home/cc/ee106a/fa25/class/ee106a-ahe/ros_workspaces/lab7/install/ros2_aruco_interfaces/share/ros2_aruco_interfaces/cmake/rosidl_cmake_export_typesupport_targets-extras.cmake
[2.011s] -- Up-to-date: /home/cc/ee106a/fa25/class/ee106a-ahe/ros_workspaces/lab7/install/ros2_aruco_interfaces/share/ros2_aruco_interfaces/cmake/rosidl_cmake_export_typesupport_libraries-extras.cmake
[2.012s] -- Up-to-date: /home/cc/ee106a/fa25/class/ee106a-ahe/ros_workspaces/lab7/install/ros2_aruco_interfaces/share/ros2_aruco_interfaces/cmake/ros2_aruco_interfacesConfig.cmake
[2.013s] -- Up-to-date: /home/cc/ee106a/fa25/class/ee106a-ahe/ros_workspaces/lab7/install/ros2_aruco_interfaces/share/ros2_aruco_interfaces/cmake/ros2_aruco_interfacesConfig-version.cmake
[2.015s] -- Up-to-date: /home/cc/ee106a/fa25/class/ee106a-ahe/ros_workspaces/lab7/install/ros2_aruco_interfaces/share/ros2_aruco_interfaces/package.xml
[2.071s] Invoked command in '/home/cc/ee106a/fa25/class/ee106a-ahe/ros_workspaces/lab7/build/ros2_aruco_interfaces' returned '0': CMAKE_PREFIX_PATH=${CMAKE_PREFIX_PATH}:/home/cc/ee106a/fa25/class/ee106a-ahe/ros_workspaces/lab7/install/ros2_aruco:/home/cc/ee106a/fa25/class/ee106a-ahe/ros_workspaces/lab7/install/planning:/home/cc/ee106a/fa25/class/ee106a-ahe/ros_workspaces/lab7/install/perception:/home/ff/ee106a/robot_workspaces/ur/install/ur7e_utils:/opt/ros/humble /usr/bin/cmake --install /home/cc/ee106a/fa25/class/ee106a-ahe/ros_workspaces/lab7/build/ros2_aruco_interfaces
