[1.248s] Invoking command in '/home/cc/ee106a/fa25/class/ee106a-ahe/ros_workspaces/lab7/src/planning': PYTHONPATH=/home/cc/ee106a/fa25/class/ee106a-ahe/ros_workspaces/lab7/build/planning/prefix_override:/usr/lib/python3/dist-packages/colcon_core/task/python/colcon_distutils_commands:/home/cc/ee106a/fa25/class/ee106a-ahe/ros_workspaces/lab7/install/planning/lib/python3.10/site-packages:${PYTHONPATH} /usr/bin/python3 -W ignore:setup.py install is deprecated -W ignore:easy_install command is deprecated setup.py egg_info --egg-base ../../build/planning build --build-base /home/cc/ee106a/fa25/class/ee106a-ahe/ros_workspaces/lab7/build/planning/build install --record /home/cc/ee106a/fa25/class/ee106a-ahe/ros_workspaces/lab7/build/planning/install.log --single-version-externally-managed install_data
[1.460s] running egg_info
[1.461s] writing ../../build/planning/planning.egg-info/PKG-INFO
[1.465s] writing dependency_links to ../../build/planning/planning.egg-info/dependency_links.txt
[1.467s] writing entry points to ../../build/planning/planning.egg-info/entry_points.txt
[1.470s] writing requirements to ../../build/planning/planning.egg-info/requires.txt
[1.473s] writing top-level names to ../../build/planning/planning.egg-info/top_level.txt
[1.481s] reading manifest file '../../build/planning/planning.egg-info/SOURCES.txt'
[1.484s] writing manifest file '../../build/planning/planning.egg-info/SOURCES.txt'
[1.485s] running build
[1.486s] running build_py
[1.487s] copying planning/ik.py -> /home/cc/ee106a/fa25/class/ee106a-ahe/ros_workspaces/lab7/build/planning/build/lib/planning
[1.492s] copying planning/main.py -> /home/cc/ee106a/fa25/class/ee106a-ahe/ros_workspaces/lab7/build/planning/build/lib/planning
[1.499s] running install
[1.500s] running install_lib
[1.502s] copying /home/cc/ee106a/fa25/class/ee106a-ahe/ros_workspaces/lab7/build/planning/build/lib/planning/ik.py -> /home/cc/ee106a/fa25/class/ee106a-ahe/ros_workspaces/lab7/install/planning/lib/python3.10/site-packages/planning
[1.507s] copying /home/cc/ee106a/fa25/class/ee106a-ahe/ros_workspaces/lab7/build/planning/build/lib/planning/main.py -> /home/cc/ee106a/fa25/class/ee106a-ahe/ros_workspaces/lab7/install/planning/lib/python3.10/site-packages/planning
[1.514s] byte-compiling /home/cc/ee106a/fa25/class/ee106a-ahe/ros_workspaces/lab7/install/planning/lib/python3.10/site-packages/planning/ik.py to ik.cpython-310.pyc
[1.518s] Sorry: IndentationError: unexpected indent (ik.py, line 119)
[1.518s] byte-compiling /home/cc/ee106a/fa25/class/ee106a-ahe/ros_workspaces/lab7/install/planning/lib/python3.10/site-packages/planning/main.py to main.cpython-310.pyc
[1.523s] Sorry: IndentationError: unexpected indent (main.py, line 102)
[1.525s] running install_data
[1.526s] running install_egg_info
[1.530s] removing '/home/cc/ee106a/fa25/class/ee106a-ahe/ros_workspaces/lab7/install/planning/lib/python3.10/site-packages/planning-0.0.0-py3.10.egg-info' (and everything under it)
[1.538s] Copying ../../build/planning/planning.egg-info to /home/cc/ee106a/fa25/class/ee106a-ahe/ros_workspaces/lab7/install/planning/lib/python3.10/site-packages/planning-0.0.0-py3.10.egg-info
[1.576s] running install_scripts
[1.596s] Installing ik script to /home/cc/ee106a/fa25/class/ee106a-ahe/ros_workspaces/lab7/install/planning/lib/planning
[1.598s] Installing main script to /home/cc/ee106a/fa25/class/ee106a-ahe/ros_workspaces/lab7/install/planning/lib/planning
[1.601s] Installing tf script to /home/cc/ee106a/fa25/class/ee106a-ahe/ros_workspaces/lab7/install/planning/lib/planning
[1.603s] Installing transform_cube_pose script to /home/cc/ee106a/fa25/class/ee106a-ahe/ros_workspaces/lab7/install/planning/lib/planning
[1.606s] writing list of installed files to '/home/cc/ee106a/fa25/class/ee106a-ahe/ros_workspaces/lab7/build/planning/install.log'
[1.640s] Invoked command in '/home/cc/ee106a/fa25/class/ee106a-ahe/ros_workspaces/lab7/src/planning' returned '0': PYTHONPATH=/home/cc/ee106a/fa25/class/ee106a-ahe/ros_workspaces/lab7/build/planning/prefix_override:/usr/lib/python3/dist-packages/colcon_core/task/python/colcon_distutils_commands:/home/cc/ee106a/fa25/class/ee106a-ahe/ros_workspaces/lab7/install/planning/lib/python3.10/site-packages:${PYTHONPATH} /usr/bin/python3 -W ignore:setup.py install is deprecated -W ignore:easy_install command is deprecated setup.py egg_info --egg-base ../../build/planning build --build-base /home/cc/ee106a/fa25/class/ee106a-ahe/ros_workspaces/lab7/build/planning/build install --record /home/cc/ee106a/fa25/class/ee106a-ahe/ros_workspaces/lab7/build/planning/install.log --single-version-externally-managed install_data
