/home/cc/ee106a/fa25/class/ee106a-ahe/ros_workspaces/lab7/install/planning/lib/python3.10/site-packages/planning/__init__.py
/home/cc/ee106a/fa25/class/ee106a-ahe/ros_workspaces/lab7/install/planning/lib/python3.10/site-packages/planning/ik.py
/home/cc/ee106a/fa25/class/ee106a-ahe/ros_workspaces/lab7/install/planning/lib/python3.10/site-packages/planning/main.py
/home/cc/ee106a/fa25/class/ee106a-ahe/ros_workspaces/lab7/install/planning/lib/python3.10/site-packages/planning/static_tf_transform.py
/home/cc/ee106a/fa25/class/ee106a-ahe/ros_workspaces/lab7/install/planning/lib/python3.10/site-packages/planning/transform_cube_pose.py
/home/cc/ee106a/fa25/class/ee106a-ahe/ros_workspaces/lab7/install/planning/lib/python3.10/site-packages/planning/__pycache__/__init__.cpython-310.pyc
/home/cc/ee106a/fa25/class/ee106a-ahe/ros_workspaces/lab7/install/planning/lib/python3.10/site-packages/planning/__pycache__/ik.cpython-310.pyc
/home/cc/ee106a/fa25/class/ee106a-ahe/ros_workspaces/lab7/install/planning/lib/python3.10/site-packages/planning/__pycache__/main.cpython-310.pyc
/home/cc/ee106a/fa25/class/ee106a-ahe/ros_workspaces/lab7/install/planning/lib/python3.10/site-packages/planning/__pycache__/static_tf_transform.cpython-310.pyc
/home/cc/ee106a/fa25/class/ee106a-ahe/ros_workspaces/lab7/install/planning/lib/python3.10/site-packages/planning/__pycache__/transform_cube_pose.cpython-310.pyc
/home/cc/ee106a/fa25/class/ee106a-ahe/ros_workspaces/lab7/install/planning/share/ament_index/resource_index/packages/planning
/home/cc/ee106a/fa25/class/ee106a-ahe/ros_workspaces/lab7/install/planning/share/planning/package.xml
/home/cc/ee106a/fa25/class/ee106a-ahe/ros_workspaces/lab7/install/planning/share/planning/launch/lab7_bringup.launch.py
/home/cc/ee106a/fa25/class/ee106a-ahe/ros_workspaces/lab7/install/planning/lib/python3.10/site-packages/planning-0.0.0-py3.10.egg-info/PKG-INFO
/home/cc/ee106a/fa25/class/ee106a-ahe/ros_workspaces/lab7/install/planning/lib/python3.10/site-packages/planning-0.0.0-py3.10.egg-info/zip-safe
/home/cc/ee106a/fa25/class/ee106a-ahe/ros_workspaces/lab7/install/planning/lib/python3.10/site-packages/planning-0.0.0-py3.10.egg-info/dependency_links.txt
/home/cc/ee106a/fa25/class/ee106a-ahe/ros_workspaces/lab7/install/planning/lib/python3.10/site-packages/planning-0.0.0-py3.10.egg-info/entry_points.txt
/home/cc/ee106a/fa25/class/ee106a-ahe/ros_workspaces/lab7/install/planning/lib/python3.10/site-packages/planning-0.0.0-py3.10.egg-info/requires.txt
/home/cc/ee106a/fa25/class/ee106a-ahe/ros_workspaces/lab7/install/planning/lib/python3.10/site-packages/planning-0.0.0-py3.10.egg-info/top_level.txt
/home/cc/ee106a/fa25/class/ee106a-ahe/ros_workspaces/lab7/install/planning/lib/python3.10/site-packages/planning-0.0.0-py3.10.egg-info/SOURCES.txt
/home/cc/ee106a/fa25/class/ee106a-ahe/ros_workspaces/lab7/install/planning/lib/planning/ik
/home/cc/ee106a/fa25/class/ee106a-ahe/ros_workspaces/lab7/install/planning/lib/planning/main
/home/cc/ee106a/fa25/class/ee106a-ahe/ros_workspaces/lab7/install/planning/lib/planning/tf
/home/cc/ee106a/fa25/class/ee106a-ahe/ros_workspaces/lab7/install/planning/lib/planning/transform_cube_pose
