[0.106s] DEBUG:colcon:Command line arguments: ['/usr/bin/colcon', 'build']
[0.106s] DEBUG:colcon:Parsed command line arguments: Namespace(log_base=None, log_level=None, verb_name='build', build_base='build', install_base='install', merge_install=False, symlink_install=False, test_result_base=None, continue_on_error=False, executor='parallel', parallel_workers=32, event_handlers=None, ignore_user_meta=False, metas=['./colcon.meta'], base_paths=['.'], packages_ignore=None, packages_ignore_regex=None, paths=None, packages_up_to=None, packages_up_to_regex=None, packages_above=None, packages_above_and_dependencies=None, packages_above_depth=None, packages_select_by_dep=None, packages_skip_by_dep=None, packages_skip_up_to=None, packages_select_build_failed=False, packages_skip_build_finished=False, packages_select_test_failures=False, packages_skip_test_passed=False, packages_select=None, packages_skip=None, packages_select_regex=None, packages_skip_regex=None, packages_start=None, packages_end=None, cmake_args=None, cmake_target=None, cmake_target_skip_unavailable=False, cmake_clean_cache=False, cmake_clean_first=False, cmake_force_configure=False, ament_cmake_args=None, catkin_cmake_args=None, catkin_skip_building_tests=False, mixin_files=None, mixin=None, verb_parser=<colcon_mixin.mixin.mixin_argument.MixinArgumentDecorator object at 0x7eceeb62e6e0>, verb_extension=<colcon_core.verb.build.BuildVerb object at 0x7eceeb62da80>, main=<bound method BuildVerb.main of <colcon_core.verb.build.BuildVerb object at 0x7eceeb62da80>>, mixin_verb=('build',))
[0.288s] Level 1:colcon.colcon_core.package_discovery:discover_packages(colcon_meta) check parameters
[0.288s] Level 1:colcon.colcon_core.package_discovery:discover_packages(recursive) check parameters
[0.288s] Level 1:colcon.colcon_core.package_discovery:discover_packages(ignore) check parameters
[0.289s] Level 1:colcon.colcon_core.package_discovery:discover_packages(path) check parameters
[0.289s] Level 1:colcon.colcon_core.package_discovery:discover_packages(colcon_meta) discover
[0.289s] Level 1:colcon.colcon_core.package_discovery:discover_packages(recursive) discover
[0.289s] INFO:colcon.colcon_core.package_discovery:Crawling recursively for packages in '/home/cc/ee106a/fa25/class/ee106a-ahe/ros_workspaces/lab7'
[0.290s] Level 1:colcon.colcon_core.package_identification:_identify(.) by extensions ['ignore', 'ignore_ament_install']
[0.290s] Level 1:colcon.colcon_core.package_identification:_identify(.) by extension 'ignore'
[0.291s] Level 1:colcon.colcon_core.package_identification:_identify(.) by extension 'ignore_ament_install'
[0.291s] Level 1:colcon.colcon_core.package_identification:_identify(.) by extensions ['colcon_pkg']
[0.291s] Level 1:colcon.colcon_core.package_identification:_identify(.) by extension 'colcon_pkg'
[0.291s] Level 1:colcon.colcon_core.package_identification:_identify(.) by extensions ['colcon_meta']
[0.292s] Level 1:colcon.colcon_core.package_identification:_identify(.) by extension 'colcon_meta'
[0.292s] Level 1:colcon.colcon_core.package_identification:_identify(.) by extensions ['ros']
[0.292s] Level 1:colcon.colcon_core.package_identification:_identify(.) by extension 'ros'
[0.302s] Level 1:colcon.colcon_core.package_identification:_identify(.) by extensions ['cmake', 'python']
[0.302s] Level 1:colcon.colcon_core.package_identification:_identify(.) by extension 'cmake'
[0.303s] Level 1:colcon.colcon_core.package_identification:_identify(.) by extension 'python'
[0.303s] Level 1:colcon.colcon_core.package_identification:_identify(.) by extensions ['python_setup_py']
[0.303s] Level 1:colcon.colcon_core.package_identification:_identify(.) by extension 'python_setup_py'
[0.304s] Level 1:colcon.colcon_core.package_identification:_identify(build) by extensions ['ignore', 'ignore_ament_install']
[0.304s] Level 1:colcon.colcon_core.package_identification:_identify(build) by extension 'ignore'
[0.305s] Level 1:colcon.colcon_core.package_identification:_identify(build) ignored
[0.305s] Level 1:colcon.colcon_core.package_identification:_identify(install) by extensions ['ignore', 'ignore_ament_install']
[0.305s] Level 1:colcon.colcon_core.package_identification:_identify(install) by extension 'ignore'
[0.306s] Level 1:colcon.colcon_core.package_identification:_identify(install) ignored
[0.309s] Level 1:colcon.colcon_core.package_identification:_identify(log) by extensions ['ignore', 'ignore_ament_install']
[0.310s] Level 1:colcon.colcon_core.package_identification:_identify(log) by extension 'ignore'
[0.310s] Level 1:colcon.colcon_core.package_identification:_identify(log) ignored
[0.311s] Level 1:colcon.colcon_core.package_identification:_identify(src) by extensions ['ignore', 'ignore_ament_install']
[0.311s] Level 1:colcon.colcon_core.package_identification:_identify(src) by extension 'ignore'
[0.311s] Level 1:colcon.colcon_core.package_identification:_identify(src) by extension 'ignore_ament_install'
[0.311s] Level 1:colcon.colcon_core.package_identification:_identify(src) by extensions ['colcon_pkg']
[0.311s] Level 1:colcon.colcon_core.package_identification:_identify(src) by extension 'colcon_pkg'
[0.311s] Level 1:colcon.colcon_core.package_identification:_identify(src) by extensions ['colcon_meta']
[0.311s] Level 1:colcon.colcon_core.package_identification:_identify(src) by extension 'colcon_meta'
[0.311s] Level 1:colcon.colcon_core.package_identification:_identify(src) by extensions ['ros']
[0.312s] Level 1:colcon.colcon_core.package_identification:_identify(src) by extension 'ros'
[0.312s] Level 1:colcon.colcon_core.package_identification:_identify(src) by extensions ['cmake', 'python']
[0.312s] Level 1:colcon.colcon_core.package_identification:_identify(src) by extension 'cmake'
[0.312s] Level 1:colcon.colcon_core.package_identification:_identify(src) by extension 'python'
[0.312s] Level 1:colcon.colcon_core.package_identification:_identify(src) by extensions ['python_setup_py']
[0.313s] Level 1:colcon.colcon_core.package_identification:_identify(src) by extension 'python_setup_py'
[0.313s] Level 1:colcon.colcon_core.package_identification:_identify(src/perception) by extensions ['ignore', 'ignore_ament_install']
[0.314s] Level 1:colcon.colcon_core.package_identification:_identify(src/perception) by extension 'ignore'
[0.314s] Level 1:colcon.colcon_core.package_identification:_identify(src/perception) by extension 'ignore_ament_install'
[0.314s] Level 1:colcon.colcon_core.package_identification:_identify(src/perception) by extensions ['colcon_pkg']
[0.314s] Level 1:colcon.colcon_core.package_identification:_identify(src/perception) by extension 'colcon_pkg'
[0.315s] Level 1:colcon.colcon_core.package_identification:_identify(src/perception) by extensions ['colcon_meta']
[0.315s] Level 1:colcon.colcon_core.package_identification:_identify(src/perception) by extension 'colcon_meta'
[0.315s] Level 1:colcon.colcon_core.package_identification:_identify(src/perception) by extensions ['ros']
[0.315s] Level 1:colcon.colcon_core.package_identification:_identify(src/perception) by extension 'ros'
[0.319s] DEBUG:colcon.colcon_core.package_identification:Package 'src/perception' with type 'ros.ament_python' and name 'perception'
[0.319s] Level 1:colcon.colcon_core.package_identification:_identify(src/planning) by extensions ['ignore', 'ignore_ament_install']
[0.320s] Level 1:colcon.colcon_core.package_identification:_identify(src/planning) by extension 'ignore'
[0.320s] Level 1:colcon.colcon_core.package_identification:_identify(src/planning) by extension 'ignore_ament_install'
[0.320s] Level 1:colcon.colcon_core.package_identification:_identify(src/planning) by extensions ['colcon_pkg']
[0.321s] Level 1:colcon.colcon_core.package_identification:_identify(src/planning) by extension 'colcon_pkg'
[0.321s] Level 1:colcon.colcon_core.package_identification:_identify(src/planning) by extensions ['colcon_meta']
[0.321s] Level 1:colcon.colcon_core.package_identification:_identify(src/planning) by extension 'colcon_meta'
[0.321s] Level 1:colcon.colcon_core.package_identification:_identify(src/planning) by extensions ['ros']
[0.322s] Level 1:colcon.colcon_core.package_identification:_identify(src/planning) by extension 'ros'
[0.323s] DEBUG:colcon.colcon_core.package_identification:Package 'src/planning' with type 'ros.ament_python' and name 'planning'
[0.324s] Level 1:colcon.colcon_core.package_identification:_identify(src/ros2_aruco) by extensions ['ignore', 'ignore_ament_install']
[0.324s] Level 1:colcon.colcon_core.package_identification:_identify(src/ros2_aruco) by extension 'ignore'
[0.324s] Level 1:colcon.colcon_core.package_identification:_identify(src/ros2_aruco) by extension 'ignore_ament_install'
[0.324s] Level 1:colcon.colcon_core.package_identification:_identify(src/ros2_aruco) by extensions ['colcon_pkg']
[0.325s] Level 1:colcon.colcon_core.package_identification:_identify(src/ros2_aruco) by extension 'colcon_pkg'
[0.325s] Level 1:colcon.colcon_core.package_identification:_identify(src/ros2_aruco) by extensions ['colcon_meta']
[0.325s] Level 1:colcon.colcon_core.package_identification:_identify(src/ros2_aruco) by extension 'colcon_meta'
[0.325s] Level 1:colcon.colcon_core.package_identification:_identify(src/ros2_aruco) by extensions ['ros']
[0.326s] Level 1:colcon.colcon_core.package_identification:_identify(src/ros2_aruco) by extension 'ros'
[0.326s] Level 1:colcon.colcon_core.package_identification:_identify(src/ros2_aruco) by extensions ['cmake', 'python']
[0.326s] Level 1:colcon.colcon_core.package_identification:_identify(src/ros2_aruco) by extension 'cmake'
[0.326s] Level 1:colcon.colcon_core.package_identification:_identify(src/ros2_aruco) by extension 'python'
[0.326s] Level 1:colcon.colcon_core.package_identification:_identify(src/ros2_aruco) by extensions ['python_setup_py']
[0.327s] Level 1:colcon.colcon_core.package_identification:_identify(src/ros2_aruco) by extension 'python_setup_py'
[0.327s] Level 1:colcon.colcon_core.package_identification:_identify(src/ros2_aruco/ros2_aruco) by extensions ['ignore', 'ignore_ament_install']
[0.327s] Level 1:colcon.colcon_core.package_identification:_identify(src/ros2_aruco/ros2_aruco) by extension 'ignore'
[0.328s] Level 1:colcon.colcon_core.package_identification:_identify(src/ros2_aruco/ros2_aruco) by extension 'ignore_ament_install'
[0.328s] Level 1:colcon.colcon_core.package_identification:_identify(src/ros2_aruco/ros2_aruco) by extensions ['colcon_pkg']
[0.329s] Level 1:colcon.colcon_core.package_identification:_identify(src/ros2_aruco/ros2_aruco) by extension 'colcon_pkg'
[0.329s] Level 1:colcon.colcon_core.package_identification:_identify(src/ros2_aruco/ros2_aruco) by extensions ['colcon_meta']
[0.329s] Level 1:colcon.colcon_core.package_identification:_identify(src/ros2_aruco/ros2_aruco) by extension 'colcon_meta'
[0.329s] Level 1:colcon.colcon_core.package_identification:_identify(src/ros2_aruco/ros2_aruco) by extensions ['ros']
[0.330s] Level 1:colcon.colcon_core.package_identification:_identify(src/ros2_aruco/ros2_aruco) by extension 'ros'
[0.331s] DEBUG:colcon.colcon_core.package_identification:Package 'src/ros2_aruco/ros2_aruco' with type 'ros.ament_python' and name 'ros2_aruco'
[0.331s] Level 1:colcon.colcon_core.package_identification:_identify(src/ros2_aruco/ros2_aruco_interfaces) by extensions ['ignore', 'ignore_ament_install']
[0.331s] Level 1:colcon.colcon_core.package_identification:_identify(src/ros2_aruco/ros2_aruco_interfaces) by extension 'ignore'
[0.332s] Level 1:colcon.colcon_core.package_identification:_identify(src/ros2_aruco/ros2_aruco_interfaces) by extension 'ignore_ament_install'
[0.332s] Level 1:colcon.colcon_core.package_identification:_identify(src/ros2_aruco/ros2_aruco_interfaces) by extensions ['colcon_pkg']
[0.332s] Level 1:colcon.colcon_core.package_identification:_identify(src/ros2_aruco/ros2_aruco_interfaces) by extension 'colcon_pkg'
[0.332s] Level 1:colcon.colcon_core.package_identification:_identify(src/ros2_aruco/ros2_aruco_interfaces) by extensions ['colcon_meta']
[0.333s] Level 1:colcon.colcon_core.package_identification:_identify(src/ros2_aruco/ros2_aruco_interfaces) by extension 'colcon_meta'
[0.333s] Level 1:colcon.colcon_core.package_identification:_identify(src/ros2_aruco/ros2_aruco_interfaces) by extensions ['ros']
[0.334s] Level 1:colcon.colcon_core.package_identification:_identify(src/ros2_aruco/ros2_aruco_interfaces) by extension 'ros'
[0.335s] DEBUG:colcon.colcon_core.package_identification:Package 'src/ros2_aruco/ros2_aruco_interfaces' with type 'ros.ament_cmake' and name 'ros2_aruco_interfaces'
[0.335s] Level 1:colcon.colcon_core.package_discovery:discover_packages(recursive) using defaults
[0.336s] Level 1:colcon.colcon_core.package_discovery:discover_packages(ignore) discover
[0.336s] Level 1:colcon.colcon_core.package_discovery:discover_packages(ignore) using defaults
[0.336s] Level 1:colcon.colcon_core.package_discovery:discover_packages(path) discover
[0.336s] Level 1:colcon.colcon_core.package_discovery:discover_packages(path) using defaults
[0.359s] Level 5:colcon.colcon_core.verb:set package 'perception' build argument 'cmake_args' from command line to 'None'
[0.359s] Level 5:colcon.colcon_core.verb:set package 'perception' build argument 'cmake_target' from command line to 'None'
[0.360s] Level 5:colcon.colcon_core.verb:set package 'perception' build argument 'cmake_target_skip_unavailable' from command line to 'False'
[0.360s] Level 5:colcon.colcon_core.verb:set package 'perception' build argument 'cmake_clean_cache' from command line to 'False'
[0.360s] Level 5:colcon.colcon_core.verb:set package 'perception' build argument 'cmake_clean_first' from command line to 'False'
[0.360s] Level 5:colcon.colcon_core.verb:set package 'perception' build argument 'cmake_force_configure' from command line to 'False'
[0.361s] Level 5:colcon.colcon_core.verb:set package 'perception' build argument 'ament_cmake_args' from command line to 'None'
[0.361s] Level 5:colcon.colcon_core.verb:set package 'perception' build argument 'catkin_cmake_args' from command line to 'None'
[0.361s] Level 5:colcon.colcon_core.verb:set package 'perception' build argument 'catkin_skip_building_tests' from command line to 'False'
[0.361s] DEBUG:colcon.colcon_core.verb:Building package 'perception' with the following arguments: {'ament_cmake_args': None, 'build_base': '/home/cc/ee106a/fa25/class/ee106a-ahe/ros_workspaces/lab7/build/perception', 'catkin_cmake_args': None, 'catkin_skip_building_tests': False, 'cmake_args': None, 'cmake_clean_cache': False, 'cmake_clean_first': False, 'cmake_force_configure': False, 'cmake_target': None, 'cmake_target_skip_unavailable': False, 'install_base': '/home/cc/ee106a/fa25/class/ee106a-ahe/ros_workspaces/lab7/install/perception', 'merge_install': False, 'path': '/home/cc/ee106a/fa25/class/ee106a-ahe/ros_workspaces/lab7/src/perception', 'symlink_install': False, 'test_result_base': None}
[0.362s] Level 5:colcon.colcon_core.verb:set package 'planning' build argument 'cmake_args' from command line to 'None'
[0.362s] Level 5:colcon.colcon_core.verb:set package 'planning' build argument 'cmake_target' from command line to 'None'
[0.362s] Level 5:colcon.colcon_core.verb:set package 'planning' build argument 'cmake_target_skip_unavailable' from command line to 'False'
[0.362s] Level 5:colcon.colcon_core.verb:set package 'planning' build argument 'cmake_clean_cache' from command line to 'False'
[0.363s] Level 5:colcon.colcon_core.verb:set package 'planning' build argument 'cmake_clean_first' from command line to 'False'
[0.363s] Level 5:colcon.colcon_core.verb:set package 'planning' build argument 'cmake_force_configure' from command line to 'False'
[0.363s] Level 5:colcon.colcon_core.verb:set package 'planning' build argument 'ament_cmake_args' from command line to 'None'
[0.363s] Level 5:colcon.colcon_core.verb:set package 'planning' build argument 'catkin_cmake_args' from command line to 'None'
[0.363s] Level 5:colcon.colcon_core.verb:set package 'planning' build argument 'catkin_skip_building_tests' from command line to 'False'
[0.363s] DEBUG:colcon.colcon_core.verb:Building package 'planning' with the following arguments: {'ament_cmake_args': None, 'build_base': '/home/cc/ee106a/fa25/class/ee106a-ahe/ros_workspaces/lab7/build/planning', 'catkin_cmake_args': None, 'catkin_skip_building_tests': False, 'cmake_args': None, 'cmake_clean_cache': False, 'cmake_clean_first': False, 'cmake_force_configure': False, 'cmake_target': None, 'cmake_target_skip_unavailable': False, 'install_base': '/home/cc/ee106a/fa25/class/ee106a-ahe/ros_workspaces/lab7/install/planning', 'merge_install': False, 'path': '/home/cc/ee106a/fa25/class/ee106a-ahe/ros_workspaces/lab7/src/planning', 'symlink_install': False, 'test_result_base': None}
[0.364s] Level 5:colcon.colcon_core.verb:set package 'ros2_aruco' build argument 'cmake_args' from command line to 'None'
[0.364s] Level 5:colcon.colcon_core.verb:set package 'ros2_aruco' build argument 'cmake_target' from command line to 'None'
[0.364s] Level 5:colcon.colcon_core.verb:set package 'ros2_aruco' build argument 'cmake_target_skip_unavailable' from command line to 'False'
[0.365s] Level 5:colcon.colcon_core.verb:set package 'ros2_aruco' build argument 'cmake_clean_cache' from command line to 'False'
[0.365s] Level 5:colcon.colcon_core.verb:set package 'ros2_aruco' build argument 'cmake_clean_first' from command line to 'False'
[0.365s] Level 5:colcon.colcon_core.verb:set package 'ros2_aruco' build argument 'cmake_force_configure' from command line to 'False'
[0.365s] Level 5:colcon.colcon_core.verb:set package 'ros2_aruco' build argument 'ament_cmake_args' from command line to 'None'
[0.365s] Level 5:colcon.colcon_core.verb:set package 'ros2_aruco' build argument 'catkin_cmake_args' from command line to 'None'
[0.365s] Level 5:colcon.colcon_core.verb:set package 'ros2_aruco' build argument 'catkin_skip_building_tests' from command line to 'False'
[0.365s] DEBUG:colcon.colcon_core.verb:Building package 'ros2_aruco' with the following arguments: {'ament_cmake_args': None, 'build_base': '/home/cc/ee106a/fa25/class/ee106a-ahe/ros_workspaces/lab7/build/ros2_aruco', 'catkin_cmake_args': None, 'catkin_skip_building_tests': False, 'cmake_args': None, 'cmake_clean_cache': False, 'cmake_clean_first': False, 'cmake_force_configure': False, 'cmake_target': None, 'cmake_target_skip_unavailable': False, 'install_base': '/home/cc/ee106a/fa25/class/ee106a-ahe/ros_workspaces/lab7/install/ros2_aruco', 'merge_install': False, 'path': '/home/cc/ee106a/fa25/class/ee106a-ahe/ros_workspaces/lab7/src/ros2_aruco/ros2_aruco', 'symlink_install': False, 'test_result_base': None}
[0.366s] Level 5:colcon.colcon_core.verb:set package 'ros2_aruco_interfaces' build argument 'cmake_args' from command line to 'None'
[0.366s] Level 5:colcon.colcon_core.verb:set package 'ros2_aruco_interfaces' build argument 'cmake_target' from command line to 'None'
[0.366s] Level 5:colcon.colcon_core.verb:set package 'ros2_aruco_interfaces' build argument 'cmake_target_skip_unavailable' from command line to 'False'
[0.366s] Level 5:colcon.colcon_core.verb:set package 'ros2_aruco_interfaces' build argument 'cmake_clean_cache' from command line to 'False'
[0.366s] Level 5:colcon.colcon_core.verb:set package 'ros2_aruco_interfaces' build argument 'cmake_clean_first' from command line to 'False'
[0.367s] Level 5:colcon.colcon_core.verb:set package 'ros2_aruco_interfaces' build argument 'cmake_force_configure' from command line to 'False'
[0.367s] Level 5:colcon.colcon_core.verb:set package 'ros2_aruco_interfaces' build argument 'ament_cmake_args' from command line to 'None'
[0.367s] Level 5:colcon.colcon_core.verb:set package 'ros2_aruco_interfaces' build argument 'catkin_cmake_args' from command line to 'None'
[0.367s] Level 5:colcon.colcon_core.verb:set package 'ros2_aruco_interfaces' build argument 'catkin_skip_building_tests' from command line to 'False'
[0.367s] DEBUG:colcon.colcon_core.verb:Building package 'ros2_aruco_interfaces' with the following arguments: {'ament_cmake_args': None, 'build_base': '/home/cc/ee106a/fa25/class/ee106a-ahe/ros_workspaces/lab7/build/ros2_aruco_interfaces', 'catkin_cmake_args': None, 'catkin_skip_building_tests': False, 'cmake_args': None, 'cmake_clean_cache': False, 'cmake_clean_first': False, 'cmake_force_configure': False, 'cmake_target': None, 'cmake_target_skip_unavailable': False, 'install_base': '/home/cc/ee106a/fa25/class/ee106a-ahe/ros_workspaces/lab7/install/ros2_aruco_interfaces', 'merge_install': False, 'path': '/home/cc/ee106a/fa25/class/ee106a-ahe/ros_workspaces/lab7/src/ros2_aruco/ros2_aruco_interfaces', 'symlink_install': False, 'test_result_base': None}
[0.368s] INFO:colcon.colcon_core.executor:Executing jobs using 'parallel' executor
[0.369s] DEBUG:colcon.colcon_parallel_executor.executor.parallel:run_until_complete
[0.369s] INFO:colcon.colcon_ros.task.ament_python.build:Building ROS package in '/home/cc/ee106a/fa25/class/ee106a-ahe/ros_workspaces/lab7/src/perception' with build type 'ament_python'
[0.369s] Level 1:colcon.colcon_core.shell:create_environment_hook('perception', 'ament_prefix_path')
[0.371s] INFO:colcon.colcon_core.plugin_system:Skipping extension 'colcon_core.shell.bat': Not used on non-Windows systems
[0.371s] INFO:colcon.colcon_core.shell:Creating environment hook '/home/cc/ee106a/fa25/class/ee106a-ahe/ros_workspaces/lab7/install/perception/share/perception/hook/ament_prefix_path.ps1'
[0.374s] INFO:colcon.colcon_core.shell:Creating environment descriptor '/home/cc/ee106a/fa25/class/ee106a-ahe/ros_workspaces/lab7/install/perception/share/perception/hook/ament_prefix_path.dsv'
[0.377s] INFO:colcon.colcon_core.shell:Creating environment hook '/home/cc/ee106a/fa25/class/ee106a-ahe/ros_workspaces/lab7/install/perception/share/perception/hook/ament_prefix_path.sh'
[0.380s] INFO:colcon.colcon_core.shell:Skip shell extension 'powershell' for command environment: Not usable outside of PowerShell
[0.380s] DEBUG:colcon.colcon_core.shell:Skip shell extension 'dsv' for command environment
[0.412s] INFO:colcon.colcon_ros.task.ament_python.build:Building ROS package in '/home/cc/ee106a/fa25/class/ee106a-ahe/ros_workspaces/lab7/src/planning' with build type 'ament_python'
[0.412s] Level 1:colcon.colcon_core.shell:create_environment_hook('planning', 'ament_prefix_path')
[0.413s] INFO:colcon.colcon_core.shell:Creating environment hook '/home/cc/ee106a/fa25/class/ee106a-ahe/ros_workspaces/lab7/install/planning/share/planning/hook/ament_prefix_path.ps1'
[0.416s] INFO:colcon.colcon_core.shell:Creating environment descriptor '/home/cc/ee106a/fa25/class/ee106a-ahe/ros_workspaces/lab7/install/planning/share/planning/hook/ament_prefix_path.dsv'
[0.419s] INFO:colcon.colcon_core.shell:Creating environment hook '/home/cc/ee106a/fa25/class/ee106a-ahe/ros_workspaces/lab7/install/planning/share/planning/hook/ament_prefix_path.sh'
[0.421s] INFO:colcon.colcon_core.shell:Skip shell extension 'powershell' for command environment: Not usable outside of PowerShell
[0.421s] DEBUG:colcon.colcon_core.shell:Skip shell extension 'dsv' for command environment
[0.434s] INFO:colcon.colcon_ros.task.ament_python.build:Building ROS package in '/home/cc/ee106a/fa25/class/ee106a-ahe/ros_workspaces/lab7/src/ros2_aruco/ros2_aruco' with build type 'ament_python'
[0.434s] Level 1:colcon.colcon_core.shell:create_environment_hook('ros2_aruco', 'ament_prefix_path')
[0.435s] INFO:colcon.colcon_core.shell:Creating environment hook '/home/cc/ee106a/fa25/class/ee106a-ahe/ros_workspaces/lab7/install/ros2_aruco/share/ros2_aruco/hook/ament_prefix_path.ps1'
[0.438s] INFO:colcon.colcon_core.shell:Creating environment descriptor '/home/cc/ee106a/fa25/class/ee106a-ahe/ros_workspaces/lab7/install/ros2_aruco/share/ros2_aruco/hook/ament_prefix_path.dsv'
[0.440s] INFO:colcon.colcon_core.shell:Creating environment hook '/home/cc/ee106a/fa25/class/ee106a-ahe/ros_workspaces/lab7/install/ros2_aruco/share/ros2_aruco/hook/ament_prefix_path.sh'
[0.443s] INFO:colcon.colcon_core.shell:Skip shell extension 'powershell' for command environment: Not usable outside of PowerShell
[0.443s] DEBUG:colcon.colcon_core.shell:Skip shell extension 'dsv' for command environment
[0.456s] INFO:colcon.colcon_ros.task.ament_cmake.build:Building ROS package in '/home/cc/ee106a/fa25/class/ee106a-ahe/ros_workspaces/lab7/src/ros2_aruco/ros2_aruco_interfaces' with build type 'ament_cmake'
[0.456s] INFO:colcon.colcon_cmake.task.cmake.build:Building CMake package in '/home/cc/ee106a/fa25/class/ee106a-ahe/ros_workspaces/lab7/src/ros2_aruco/ros2_aruco_interfaces'
[0.456s] INFO:colcon.colcon_core.shell:Skip shell extension 'powershell' for command environment: Not usable outside of PowerShell
[0.456s] DEBUG:colcon.colcon_core.shell:Skip shell extension 'dsv' for command environment
[0.712s] INFO:colcon.colcon_core.task.python.build:Building Python package in '/home/cc/ee106a/fa25/class/ee106a-ahe/ros_workspaces/lab7/src/perception'
[0.713s] INFO:colcon.colcon_core.shell:Skip shell extension 'powershell' for command environment: Not usable outside of PowerShell
[0.713s] DEBUG:colcon.colcon_core.shell:Skip shell extension 'dsv' for command environment
[0.980s] INFO:colcon.colcon_core.task.python.build:Building Python package in '/home/cc/ee106a/fa25/class/ee106a-ahe/ros_workspaces/lab7/src/planning'
[0.981s] INFO:colcon.colcon_core.shell:Skip shell extension 'powershell' for command environment: Not usable outside of PowerShell
[0.981s] DEBUG:colcon.colcon_core.shell:Skip shell extension 'dsv' for command environment
[1.238s] INFO:colcon.colcon_core.task.python.build:Building Python package in '/home/cc/ee106a/fa25/class/ee106a-ahe/ros_workspaces/lab7/src/ros2_aruco/ros2_aruco'
[1.238s] INFO:colcon.colcon_core.shell:Skip shell extension 'powershell' for command environment: Not usable outside of PowerShell
[1.239s] DEBUG:colcon.colcon_core.shell:Skip shell extension 'dsv' for command environment
[1.266s] DEBUG:colcon.colcon_core.event_handler.log_command:Invoking command in '/home/cc/ee106a/fa25/class/ee106a-ahe/ros_workspaces/lab7/build/ros2_aruco_interfaces': CMAKE_PREFIX_PATH=${CMAKE_PREFIX_PATH}:/home/cc/ee106a/fa25/class/ee106a-ahe/ros_workspaces/lab7/install/ros2_aruco:/home/cc/ee106a/fa25/class/ee106a-ahe/ros_workspaces/lab7/install/planning:/home/cc/ee106a/fa25/class/ee106a-ahe/ros_workspaces/lab7/install/perception:/home/ff/ee106a/robot_workspaces/ur/install/ur7e_utils:/opt/ros/humble /usr/bin/cmake --build /home/cc/ee106a/fa25/class/ee106a-ahe/ros_workspaces/lab7/build/ros2_aruco_interfaces -- -j32 -l32
[1.760s] DEBUG:colcon.colcon_core.event_handler.log_command:Invoking command in '/home/cc/ee106a/fa25/class/ee106a-ahe/ros_workspaces/lab7/src/perception': PYTHONPATH=/home/cc/ee106a/fa25/class/ee106a-ahe/ros_workspaces/lab7/build/perception/prefix_override:/usr/lib/python3/dist-packages/colcon_core/task/python/colcon_distutils_commands:/home/cc/ee106a/fa25/class/ee106a-ahe/ros_workspaces/lab7/install/perception/lib/python3.10/site-packages:${PYTHONPATH} /usr/bin/python3 -W ignore:setup.py install is deprecated -W ignore:easy_install command is deprecated setup.py egg_info --egg-base ../../build/perception build --build-base /home/cc/ee106a/fa25/class/ee106a-ahe/ros_workspaces/lab7/build/perception/build install --record /home/cc/ee106a/fa25/class/ee106a-ahe/ros_workspaces/lab7/build/perception/install.log --single-version-externally-managed install_data
[1.779s] DEBUG:colcon.colcon_core.event_handler.log_command:Invoking command in '/home/cc/ee106a/fa25/class/ee106a-ahe/ros_workspaces/lab7/src/planning': PYTHONPATH=/home/cc/ee106a/fa25/class/ee106a-ahe/ros_workspaces/lab7/build/planning/prefix_override:/usr/lib/python3/dist-packages/colcon_core/task/python/colcon_distutils_commands:/home/cc/ee106a/fa25/class/ee106a-ahe/ros_workspaces/lab7/install/planning/lib/python3.10/site-packages:${PYTHONPATH} /usr/bin/python3 -W ignore:setup.py install is deprecated -W ignore:easy_install command is deprecated setup.py egg_info --egg-base ../../build/planning build --build-base /home/cc/ee106a/fa25/class/ee106a-ahe/ros_workspaces/lab7/build/planning/build install --record /home/cc/ee106a/fa25/class/ee106a-ahe/ros_workspaces/lab7/build/planning/install.log --single-version-externally-managed install_data
[1.795s] DEBUG:colcon.colcon_core.event_handler.log_command:Invoking command in '/home/cc/ee106a/fa25/class/ee106a-ahe/ros_workspaces/lab7/src/ros2_aruco/ros2_aruco': PYTHONPATH=/home/cc/ee106a/fa25/class/ee106a-ahe/ros_workspaces/lab7/build/ros2_aruco/prefix_override:/usr/lib/python3/dist-packages/colcon_core/task/python/colcon_distutils_commands:/home/cc/ee106a/fa25/class/ee106a-ahe/ros_workspaces/lab7/install/ros2_aruco/lib/python3.10/site-packages:${PYTHONPATH} /usr/bin/python3 -W ignore:setup.py install is deprecated -W ignore:easy_install command is deprecated setup.py egg_info --egg-base ../../../build/ros2_aruco build --build-base /home/cc/ee106a/fa25/class/ee106a-ahe/ros_workspaces/lab7/build/ros2_aruco/build install --record /home/cc/ee106a/fa25/class/ee106a-ahe/ros_workspaces/lab7/build/ros2_aruco/install.log --single-version-externally-managed install_data
[1.911s] DEBUG:colcon.colcon_core.event_handler.log_command:Invoked command in '/home/cc/ee106a/fa25/class/ee106a-ahe/ros_workspaces/lab7/build/ros2_aruco_interfaces' returned '0': CMAKE_PREFIX_PATH=${CMAKE_PREFIX_PATH}:/home/cc/ee106a/fa25/class/ee106a-ahe/ros_workspaces/lab7/install/ros2_aruco:/home/cc/ee106a/fa25/class/ee106a-ahe/ros_workspaces/lab7/install/planning:/home/cc/ee106a/fa25/class/ee106a-ahe/ros_workspaces/lab7/install/perception:/home/ff/ee106a/robot_workspaces/ur/install/ur7e_utils:/opt/ros/humble /usr/bin/cmake --build /home/cc/ee106a/fa25/class/ee106a-ahe/ros_workspaces/lab7/build/ros2_aruco_interfaces -- -j32 -l32
[1.929s] DEBUG:colcon.colcon_core.event_handler.log_command:Invoking command in '/home/cc/ee106a/fa25/class/ee106a-ahe/ros_workspaces/lab7/build/ros2_aruco_interfaces': CMAKE_PREFIX_PATH=${CMAKE_PREFIX_PATH}:/home/cc/ee106a/fa25/class/ee106a-ahe/ros_workspaces/lab7/install/ros2_aruco:/home/cc/ee106a/fa25/class/ee106a-ahe/ros_workspaces/lab7/install/planning:/home/cc/ee106a/fa25/class/ee106a-ahe/ros_workspaces/lab7/install/perception:/home/ff/ee106a/robot_workspaces/ur/install/ur7e_utils:/opt/ros/humble /usr/bin/cmake --install /home/cc/ee106a/fa25/class/ee106a-ahe/ros_workspaces/lab7/build/ros2_aruco_interfaces
[2.162s] DEBUG:colcon.colcon_core.event_handler.log_command:Invoked command in '/home/cc/ee106a/fa25/class/ee106a-ahe/ros_workspaces/lab7/src/perception' returned '0': PYTHONPATH=/home/cc/ee106a/fa25/class/ee106a-ahe/ros_workspaces/lab7/build/perception/prefix_override:/usr/lib/python3/dist-packages/colcon_core/task/python/colcon_distutils_commands:/home/cc/ee106a/fa25/class/ee106a-ahe/ros_workspaces/lab7/install/perception/lib/python3.10/site-packages:${PYTHONPATH} /usr/bin/python3 -W ignore:setup.py install is deprecated -W ignore:easy_install command is deprecated setup.py egg_info --egg-base ../../build/perception build --build-base /home/cc/ee106a/fa25/class/ee106a-ahe/ros_workspaces/lab7/build/perception/build install --record /home/cc/ee106a/fa25/class/ee106a-ahe/ros_workspaces/lab7/build/perception/install.log --single-version-externally-managed install_data
[2.166s] Level 1:colcon.colcon_core.environment:checking '/home/cc/ee106a/fa25/class/ee106a-ahe/ros_workspaces/lab7/install/perception' for CMake module files
[2.169s] Level 1:colcon.colcon_core.environment:checking '/home/cc/ee106a/fa25/class/ee106a-ahe/ros_workspaces/lab7/install/perception' for CMake config files
[2.175s] Level 1:colcon.colcon_core.environment:checking '/home/cc/ee106a/fa25/class/ee106a-ahe/ros_workspaces/lab7/install/perception/lib'
[2.175s] Level 1:colcon.colcon_core.environment:checking '/home/cc/ee106a/fa25/class/ee106a-ahe/ros_workspaces/lab7/install/perception/bin'
[2.176s] Level 1:colcon.colcon_core.environment:checking '/home/cc/ee106a/fa25/class/ee106a-ahe/ros_workspaces/lab7/install/perception/lib/pkgconfig/perception.pc'
[2.176s] Level 1:colcon.colcon_core.environment:checking '/home/cc/ee106a/fa25/class/ee106a-ahe/ros_workspaces/lab7/install/perception/lib/python3.10/site-packages'
[2.176s] Level 1:colcon.colcon_core.shell:create_environment_hook('perception', 'pythonpath')
[2.176s] INFO:colcon.colcon_core.shell:Creating environment hook '/home/cc/ee106a/fa25/class/ee106a-ahe/ros_workspaces/lab7/install/perception/share/perception/hook/pythonpath.ps1'
[2.179s] INFO:colcon.colcon_core.shell:Creating environment descriptor '/home/cc/ee106a/fa25/class/ee106a-ahe/ros_workspaces/lab7/install/perception/share/perception/hook/pythonpath.dsv'
[2.183s] INFO:colcon.colcon_core.shell:Creating environment hook '/home/cc/ee106a/fa25/class/ee106a-ahe/ros_workspaces/lab7/install/perception/share/perception/hook/pythonpath.sh'
[2.186s] Level 1:colcon.colcon_core.environment:checking '/home/cc/ee106a/fa25/class/ee106a-ahe/ros_workspaces/lab7/install/perception/bin'
[2.186s] Level 1:colcon.colcon_core.environment:create_environment_scripts_only(perception)
[2.186s] INFO:colcon.colcon_core.shell:Creating package script '/home/cc/ee106a/fa25/class/ee106a-ahe/ros_workspaces/lab7/install/perception/share/perception/package.ps1'
[2.190s] INFO:colcon.colcon_core.shell:Creating package descriptor '/home/cc/ee106a/fa25/class/ee106a-ahe/ros_workspaces/lab7/install/perception/share/perception/package.dsv'
[2.192s] INFO:colcon.colcon_core.shell:Creating package script '/home/cc/ee106a/fa25/class/ee106a-ahe/ros_workspaces/lab7/install/perception/share/perception/package.sh'
[2.195s] INFO:colcon.colcon_core.shell:Creating package script '/home/cc/ee106a/fa25/class/ee106a-ahe/ros_workspaces/lab7/install/perception/share/perception/package.bash'
[2.199s] INFO:colcon.colcon_core.shell:Creating package script '/home/cc/ee106a/fa25/class/ee106a-ahe/ros_workspaces/lab7/install/perception/share/perception/package.zsh'
[2.201s] Level 1:colcon.colcon_core.environment:create_file_with_runtime_dependencies(/home/cc/ee106a/fa25/class/ee106a-ahe/ros_workspaces/lab7/install/perception/share/colcon-core/packages/perception)
[2.203s] Level 1:colcon.colcon_core.environment:checking '/home/cc/ee106a/fa25/class/ee106a-ahe/ros_workspaces/lab7/install/planning' for CMake module files
[2.205s] Level 1:colcon.colcon_core.environment:checking '/home/cc/ee106a/fa25/class/ee106a-ahe/ros_workspaces/lab7/install/planning' for CMake config files
[2.207s] DEBUG:colcon.colcon_core.event_handler.log_command:Invoked command in '/home/cc/ee106a/fa25/class/ee106a-ahe/ros_workspaces/lab7/src/planning' returned '0': PYTHONPATH=/home/cc/ee106a/fa25/class/ee106a-ahe/ros_workspaces/lab7/build/planning/prefix_override:/usr/lib/python3/dist-packages/colcon_core/task/python/colcon_distutils_commands:/home/cc/ee106a/fa25/class/ee106a-ahe/ros_workspaces/lab7/install/planning/lib/python3.10/site-packages:${PYTHONPATH} /usr/bin/python3 -W ignore:setup.py install is deprecated -W ignore:easy_install command is deprecated setup.py egg_info --egg-base ../../build/planning build --build-base /home/cc/ee106a/fa25/class/ee106a-ahe/ros_workspaces/lab7/build/planning/build install --record /home/cc/ee106a/fa25/class/ee106a-ahe/ros_workspaces/lab7/build/planning/install.log --single-version-externally-managed install_data
[2.213s] Level 1:colcon.colcon_core.environment:checking '/home/cc/ee106a/fa25/class/ee106a-ahe/ros_workspaces/lab7/install/planning/lib'
[2.213s] Level 1:colcon.colcon_core.environment:checking '/home/cc/ee106a/fa25/class/ee106a-ahe/ros_workspaces/lab7/install/planning/bin'
[2.213s] Level 1:colcon.colcon_core.environment:checking '/home/cc/ee106a/fa25/class/ee106a-ahe/ros_workspaces/lab7/install/planning/lib/pkgconfig/planning.pc'
[2.213s] Level 1:colcon.colcon_core.environment:checking '/home/cc/ee106a/fa25/class/ee106a-ahe/ros_workspaces/lab7/install/planning/lib/python3.10/site-packages'
[2.214s] Level 1:colcon.colcon_core.shell:create_environment_hook('planning', 'pythonpath')
[2.214s] INFO:colcon.colcon_core.shell:Creating environment hook '/home/cc/ee106a/fa25/class/ee106a-ahe/ros_workspaces/lab7/install/planning/share/planning/hook/pythonpath.ps1'
[2.217s] INFO:colcon.colcon_core.shell:Creating environment descriptor '/home/cc/ee106a/fa25/class/ee106a-ahe/ros_workspaces/lab7/install/planning/share/planning/hook/pythonpath.dsv'
[2.220s] INFO:colcon.colcon_core.shell:Creating environment hook '/home/cc/ee106a/fa25/class/ee106a-ahe/ros_workspaces/lab7/install/planning/share/planning/hook/pythonpath.sh'
[2.223s] Level 1:colcon.colcon_core.environment:checking '/home/cc/ee106a/fa25/class/ee106a-ahe/ros_workspaces/lab7/install/planning/bin'
[2.223s] Level 1:colcon.colcon_core.environment:create_environment_scripts_only(planning)
[2.223s] INFO:colcon.colcon_core.shell:Creating package script '/home/cc/ee106a/fa25/class/ee106a-ahe/ros_workspaces/lab7/install/planning/share/planning/package.ps1'
[2.226s] INFO:colcon.colcon_core.shell:Creating package descriptor '/home/cc/ee106a/fa25/class/ee106a-ahe/ros_workspaces/lab7/install/planning/share/planning/package.dsv'
[2.228s] INFO:colcon.colcon_core.shell:Creating package script '/home/cc/ee106a/fa25/class/ee106a-ahe/ros_workspaces/lab7/install/planning/share/planning/package.sh'
[2.230s] INFO:colcon.colcon_core.shell:Creating package script '/home/cc/ee106a/fa25/class/ee106a-ahe/ros_workspaces/lab7/install/planning/share/planning/package.bash'
[2.232s] INFO:colcon.colcon_core.shell:Creating package script '/home/cc/ee106a/fa25/class/ee106a-ahe/ros_workspaces/lab7/install/planning/share/planning/package.zsh'
[2.234s] Level 1:colcon.colcon_core.environment:create_file_with_runtime_dependencies(/home/cc/ee106a/fa25/class/ee106a-ahe/ros_workspaces/lab7/install/planning/share/colcon-core/packages/planning)
[2.235s] Level 1:colcon.colcon_core.environment:checking '/home/cc/ee106a/fa25/class/ee106a-ahe/ros_workspaces/lab7/install/ros2_aruco' for CMake module files
[2.238s] Level 1:colcon.colcon_core.environment:checking '/home/cc/ee106a/fa25/class/ee106a-ahe/ros_workspaces/lab7/install/ros2_aruco' for CMake config files
[2.240s] DEBUG:colcon.colcon_core.event_handler.log_command:Invoked command in '/home/cc/ee106a/fa25/class/ee106a-ahe/ros_workspaces/lab7/src/ros2_aruco/ros2_aruco' returned '0': PYTHONPATH=/home/cc/ee106a/fa25/class/ee106a-ahe/ros_workspaces/lab7/build/ros2_aruco/prefix_override:/usr/lib/python3/dist-packages/colcon_core/task/python/colcon_distutils_commands:/home/cc/ee106a/fa25/class/ee106a-ahe/ros_workspaces/lab7/install/ros2_aruco/lib/python3.10/site-packages:${PYTHONPATH} /usr/bin/python3 -W ignore:setup.py install is deprecated -W ignore:easy_install command is deprecated setup.py egg_info --egg-base ../../../build/ros2_aruco build --build-base /home/cc/ee106a/fa25/class/ee106a-ahe/ros_workspaces/lab7/build/ros2_aruco/build install --record /home/cc/ee106a/fa25/class/ee106a-ahe/ros_workspaces/lab7/build/ros2_aruco/install.log --single-version-externally-managed install_data
[2.245s] Level 1:colcon.colcon_core.environment:checking '/home/cc/ee106a/fa25/class/ee106a-ahe/ros_workspaces/lab7/install/ros2_aruco/lib'
[2.245s] Level 1:colcon.colcon_core.environment:checking '/home/cc/ee106a/fa25/class/ee106a-ahe/ros_workspaces/lab7/install/ros2_aruco/bin'
[2.245s] Level 1:colcon.colcon_core.environment:checking '/home/cc/ee106a/fa25/class/ee106a-ahe/ros_workspaces/lab7/install/ros2_aruco/lib/pkgconfig/ros2_aruco.pc'
[2.246s] Level 1:colcon.colcon_core.environment:checking '/home/cc/ee106a/fa25/class/ee106a-ahe/ros_workspaces/lab7/install/ros2_aruco/lib/python3.10/site-packages'
[2.246s] Level 1:colcon.colcon_core.shell:create_environment_hook('ros2_aruco', 'pythonpath')
[2.247s] INFO:colcon.colcon_core.shell:Creating environment hook '/home/cc/ee106a/fa25/class/ee106a-ahe/ros_workspaces/lab7/install/ros2_aruco/share/ros2_aruco/hook/pythonpath.ps1'
[2.249s] INFO:colcon.colcon_core.shell:Creating environment descriptor '/home/cc/ee106a/fa25/class/ee106a-ahe/ros_workspaces/lab7/install/ros2_aruco/share/ros2_aruco/hook/pythonpath.dsv'
[2.252s] INFO:colcon.colcon_core.shell:Creating environment hook '/home/cc/ee106a/fa25/class/ee106a-ahe/ros_workspaces/lab7/install/ros2_aruco/share/ros2_aruco/hook/pythonpath.sh'
[2.254s] Level 1:colcon.colcon_core.environment:checking '/home/cc/ee106a/fa25/class/ee106a-ahe/ros_workspaces/lab7/install/ros2_aruco/bin'
[2.254s] Level 1:colcon.colcon_core.environment:create_environment_scripts_only(ros2_aruco)
[2.254s] INFO:colcon.colcon_core.shell:Creating package script '/home/cc/ee106a/fa25/class/ee106a-ahe/ros_workspaces/lab7/install/ros2_aruco/share/ros2_aruco/package.ps1'
[2.257s] INFO:colcon.colcon_core.shell:Creating package descriptor '/home/cc/ee106a/fa25/class/ee106a-ahe/ros_workspaces/lab7/install/ros2_aruco/share/ros2_aruco/package.dsv'
[2.259s] INFO:colcon.colcon_core.shell:Creating package script '/home/cc/ee106a/fa25/class/ee106a-ahe/ros_workspaces/lab7/install/ros2_aruco/share/ros2_aruco/package.sh'
[2.261s] INFO:colcon.colcon_core.shell:Creating package script '/home/cc/ee106a/fa25/class/ee106a-ahe/ros_workspaces/lab7/install/ros2_aruco/share/ros2_aruco/package.bash'
[2.264s] INFO:colcon.colcon_core.shell:Creating package script '/home/cc/ee106a/fa25/class/ee106a-ahe/ros_workspaces/lab7/install/ros2_aruco/share/ros2_aruco/package.zsh'
[2.266s] Level 1:colcon.colcon_core.environment:create_file_with_runtime_dependencies(/home/cc/ee106a/fa25/class/ee106a-ahe/ros_workspaces/lab7/install/ros2_aruco/share/colcon-core/packages/ros2_aruco)
[2.268s] Level 1:colcon.colcon_core.environment:create_environment_scripts_only(ros2_aruco_interfaces)
[2.268s] Level 1:colcon.colcon_core.environment:checking '/home/cc/ee106a/fa25/class/ee106a-ahe/ros_workspaces/lab7/install/ros2_aruco_interfaces' for CMake module files
[2.270s] Level 1:colcon.colcon_core.environment:checking '/home/cc/ee106a/fa25/class/ee106a-ahe/ros_workspaces/lab7/install/ros2_aruco_interfaces' for CMake config files
[2.271s] DEBUG:colcon.colcon_core.event_handler.log_command:Invoked command in '/home/cc/ee106a/fa25/class/ee106a-ahe/ros_workspaces/lab7/build/ros2_aruco_interfaces' returned '0': CMAKE_PREFIX_PATH=${CMAKE_PREFIX_PATH}:/home/cc/ee106a/fa25/class/ee106a-ahe/ros_workspaces/lab7/install/ros2_aruco:/home/cc/ee106a/fa25/class/ee106a-ahe/ros_workspaces/lab7/install/planning:/home/cc/ee106a/fa25/class/ee106a-ahe/ros_workspaces/lab7/install/perception:/home/ff/ee106a/robot_workspaces/ur/install/ur7e_utils:/opt/ros/humble /usr/bin/cmake --install /home/cc/ee106a/fa25/class/ee106a-ahe/ros_workspaces/lab7/build/ros2_aruco_interfaces
[2.274s] Level 1:colcon.colcon_core.shell:create_environment_hook('ros2_aruco_interfaces', 'cmake_prefix_path')
[2.274s] INFO:colcon.colcon_core.shell:Creating environment hook '/home/cc/ee106a/fa25/class/ee106a-ahe/ros_workspaces/lab7/install/ros2_aruco_interfaces/share/ros2_aruco_interfaces/hook/cmake_prefix_path.ps1'
[2.277s] INFO:colcon.colcon_core.shell:Creating environment descriptor '/home/cc/ee106a/fa25/class/ee106a-ahe/ros_workspaces/lab7/install/ros2_aruco_interfaces/share/ros2_aruco_interfaces/hook/cmake_prefix_path.dsv'
[2.279s] INFO:colcon.colcon_core.shell:Creating environment hook '/home/cc/ee106a/fa25/class/ee106a-ahe/ros_workspaces/lab7/install/ros2_aruco_interfaces/share/ros2_aruco_interfaces/hook/cmake_prefix_path.sh'
[2.282s] Level 1:colcon.colcon_core.environment:checking '/home/cc/ee106a/fa25/class/ee106a-ahe/ros_workspaces/lab7/install/ros2_aruco_interfaces/lib'
[2.282s] Level 1:colcon.colcon_core.shell:create_environment_hook('ros2_aruco_interfaces', 'ld_library_path_lib')
[2.282s] INFO:colcon.colcon_core.shell:Creating environment hook '/home/cc/ee106a/fa25/class/ee106a-ahe/ros_workspaces/lab7/install/ros2_aruco_interfaces/share/ros2_aruco_interfaces/hook/ld_library_path_lib.ps1'
[2.285s] INFO:colcon.colcon_core.shell:Creating environment descriptor '/home/cc/ee106a/fa25/class/ee106a-ahe/ros_workspaces/lab7/install/ros2_aruco_interfaces/share/ros2_aruco_interfaces/hook/ld_library_path_lib.dsv'
[2.287s] INFO:colcon.colcon_core.shell:Creating environment hook '/home/cc/ee106a/fa25/class/ee106a-ahe/ros_workspaces/lab7/install/ros2_aruco_interfaces/share/ros2_aruco_interfaces/hook/ld_library_path_lib.sh'
[2.289s] Level 1:colcon.colcon_core.environment:checking '/home/cc/ee106a/fa25/class/ee106a-ahe/ros_workspaces/lab7/install/ros2_aruco_interfaces/bin'
[2.289s] Level 1:colcon.colcon_core.environment:checking '/home/cc/ee106a/fa25/class/ee106a-ahe/ros_workspaces/lab7/install/ros2_aruco_interfaces/lib/pkgconfig/ros2_aruco_interfaces.pc'
[2.290s] Level 1:colcon.colcon_core.environment:checking '/home/cc/ee106a/fa25/class/ee106a-ahe/ros_workspaces/lab7/install/ros2_aruco_interfaces/lib/python3.10/site-packages'
[2.291s] Level 1:colcon.colcon_core.environment:checking '/home/cc/ee106a/fa25/class/ee106a-ahe/ros_workspaces/lab7/install/ros2_aruco_interfaces/bin'
[2.291s] INFO:colcon.colcon_core.shell:Creating package script '/home/cc/ee106a/fa25/class/ee106a-ahe/ros_workspaces/lab7/install/ros2_aruco_interfaces/share/ros2_aruco_interfaces/package.ps1'
[2.294s] INFO:colcon.colcon_core.shell:Creating package descriptor '/home/cc/ee106a/fa25/class/ee106a-ahe/ros_workspaces/lab7/install/ros2_aruco_interfaces/share/ros2_aruco_interfaces/package.dsv'
[2.296s] INFO:colcon.colcon_core.shell:Creating package script '/home/cc/ee106a/fa25/class/ee106a-ahe/ros_workspaces/lab7/install/ros2_aruco_interfaces/share/ros2_aruco_interfaces/package.sh'
[2.298s] INFO:colcon.colcon_core.shell:Creating package script '/home/cc/ee106a/fa25/class/ee106a-ahe/ros_workspaces/lab7/install/ros2_aruco_interfaces/share/ros2_aruco_interfaces/package.bash'
[2.300s] INFO:colcon.colcon_core.shell:Creating package script '/home/cc/ee106a/fa25/class/ee106a-ahe/ros_workspaces/lab7/install/ros2_aruco_interfaces/share/ros2_aruco_interfaces/package.zsh'
[2.302s] Level 1:colcon.colcon_core.environment:create_file_with_runtime_dependencies(/home/cc/ee106a/fa25/class/ee106a-ahe/ros_workspaces/lab7/install/ros2_aruco_interfaces/share/colcon-core/packages/ros2_aruco_interfaces)
[2.305s] Level 1:colcon.colcon_core.environment:create_environment_scripts_only(ros2_aruco_interfaces)
[2.305s] Level 1:colcon.colcon_core.environment:checking '/home/cc/ee106a/fa25/class/ee106a-ahe/ros_workspaces/lab7/install/ros2_aruco_interfaces' for CMake module files
[2.306s] Level 1:colcon.colcon_core.environment:checking '/home/cc/ee106a/fa25/class/ee106a-ahe/ros_workspaces/lab7/install/ros2_aruco_interfaces' for CMake config files
[2.309s] Level 1:colcon.colcon_core.shell:create_environment_hook('ros2_aruco_interfaces', 'cmake_prefix_path')
[2.309s] INFO:colcon.colcon_core.shell:Creating environment hook '/home/cc/ee106a/fa25/class/ee106a-ahe/ros_workspaces/lab7/install/ros2_aruco_interfaces/share/ros2_aruco_interfaces/hook/cmake_prefix_path.ps1'
[2.312s] INFO:colcon.colcon_core.shell:Creating environment descriptor '/home/cc/ee106a/fa25/class/ee106a-ahe/ros_workspaces/lab7/install/ros2_aruco_interfaces/share/ros2_aruco_interfaces/hook/cmake_prefix_path.dsv'
[2.314s] INFO:colcon.colcon_core.shell:Creating environment hook '/home/cc/ee106a/fa25/class/ee106a-ahe/ros_workspaces/lab7/install/ros2_aruco_interfaces/share/ros2_aruco_interfaces/hook/cmake_prefix_path.sh'
[2.316s] Level 1:colcon.colcon_core.environment:checking '/home/cc/ee106a/fa25/class/ee106a-ahe/ros_workspaces/lab7/install/ros2_aruco_interfaces/lib'
[2.317s] Level 1:colcon.colcon_core.shell:create_environment_hook('ros2_aruco_interfaces', 'ld_library_path_lib')
[2.317s] INFO:colcon.colcon_core.shell:Creating environment hook '/home/cc/ee106a/fa25/class/ee106a-ahe/ros_workspaces/lab7/install/ros2_aruco_interfaces/share/ros2_aruco_interfaces/hook/ld_library_path_lib.ps1'
[2.319s] INFO:colcon.colcon_core.shell:Creating environment descriptor '/home/cc/ee106a/fa25/class/ee106a-ahe/ros_workspaces/lab7/install/ros2_aruco_interfaces/share/ros2_aruco_interfaces/hook/ld_library_path_lib.dsv'
[2.321s] INFO:colcon.colcon_core.shell:Creating environment hook '/home/cc/ee106a/fa25/class/ee106a-ahe/ros_workspaces/lab7/install/ros2_aruco_interfaces/share/ros2_aruco_interfaces/hook/ld_library_path_lib.sh'
[2.323s] Level 1:colcon.colcon_core.environment:checking '/home/cc/ee106a/fa25/class/ee106a-ahe/ros_workspaces/lab7/install/ros2_aruco_interfaces/bin'
[2.323s] Level 1:colcon.colcon_core.environment:checking '/home/cc/ee106a/fa25/class/ee106a-ahe/ros_workspaces/lab7/install/ros2_aruco_interfaces/lib/pkgconfig/ros2_aruco_interfaces.pc'
[2.324s] Level 1:colcon.colcon_core.environment:checking '/home/cc/ee106a/fa25/class/ee106a-ahe/ros_workspaces/lab7/install/ros2_aruco_interfaces/lib/python3.10/site-packages'
[2.324s] Level 1:colcon.colcon_core.environment:checking '/home/cc/ee106a/fa25/class/ee106a-ahe/ros_workspaces/lab7/install/ros2_aruco_interfaces/bin'
[2.325s] INFO:colcon.colcon_core.shell:Creating package script '/home/cc/ee106a/fa25/class/ee106a-ahe/ros_workspaces/lab7/install/ros2_aruco_interfaces/share/ros2_aruco_interfaces/package.ps1'
[2.327s] INFO:colcon.colcon_core.shell:Creating package descriptor '/home/cc/ee106a/fa25/class/ee106a-ahe/ros_workspaces/lab7/install/ros2_aruco_interfaces/share/ros2_aruco_interfaces/package.dsv'
[2.329s] INFO:colcon.colcon_core.shell:Creating package script '/home/cc/ee106a/fa25/class/ee106a-ahe/ros_workspaces/lab7/install/ros2_aruco_interfaces/share/ros2_aruco_interfaces/package.sh'
[2.331s] INFO:colcon.colcon_core.shell:Creating package script '/home/cc/ee106a/fa25/class/ee106a-ahe/ros_workspaces/lab7/install/ros2_aruco_interfaces/share/ros2_aruco_interfaces/package.bash'
[2.333s] INFO:colcon.colcon_core.shell:Creating package script '/home/cc/ee106a/fa25/class/ee106a-ahe/ros_workspaces/lab7/install/ros2_aruco_interfaces/share/ros2_aruco_interfaces/package.zsh'
[2.335s] Level 1:colcon.colcon_core.environment:create_file_with_runtime_dependencies(/home/cc/ee106a/fa25/class/ee106a-ahe/ros_workspaces/lab7/install/ros2_aruco_interfaces/share/colcon-core/packages/ros2_aruco_interfaces)
[2.337s] DEBUG:colcon.colcon_parallel_executor.executor.parallel:closing loop
[2.337s] DEBUG:colcon.colcon_parallel_executor.executor.parallel:loop closed
[2.338s] DEBUG:colcon.colcon_parallel_executor.executor.parallel:run_until_complete finished with '0'
[2.338s] DEBUG:colcon.colcon_core.event_reactor:joining thread
[2.346s] INFO:colcon.colcon_core.plugin_system:Skipping extension 'colcon_notification.desktop_notification.notify_send': Could not find 'notify-send'
[2.346s] INFO:colcon.colcon_core.plugin_system:Skipping extension 'colcon_notification.desktop_notification.terminal_notifier': Not used on non-Darwin systems
[2.346s] INFO:colcon.colcon_core.plugin_system:Skipping extension 'colcon_notification.desktop_notification.win32': Not used on non-Windows systems
[2.346s] INFO:colcon.colcon_notification.desktop_notification:Sending desktop notification using 'notify2'
[2.458s] DEBUG:colcon.colcon_core.event_reactor:joined thread
[2.458s] INFO:colcon.colcon_core.shell:Creating prefix script '/home/cc/ee106a/fa25/class/ee106a-ahe/ros_workspaces/lab7/install/local_setup.ps1'
[2.461s] INFO:colcon.colcon_core.shell:Creating prefix util module '/home/cc/ee106a/fa25/class/ee106a-ahe/ros_workspaces/lab7/install/_local_setup_util_ps1.py'
[2.464s] INFO:colcon.colcon_core.shell:Creating prefix chain script '/home/cc/ee106a/fa25/class/ee106a-ahe/ros_workspaces/lab7/install/setup.ps1'
[2.471s] INFO:colcon.colcon_core.shell:Creating prefix script '/home/cc/ee106a/fa25/class/ee106a-ahe/ros_workspaces/lab7/install/local_setup.sh'
[2.473s] INFO:colcon.colcon_core.shell:Creating prefix util module '/home/cc/ee106a/fa25/class/ee106a-ahe/ros_workspaces/lab7/install/_local_setup_util_sh.py'
[2.476s] INFO:colcon.colcon_core.shell:Creating prefix chain script '/home/cc/ee106a/fa25/class/ee106a-ahe/ros_workspaces/lab7/install/setup.sh'
[2.482s] INFO:colcon.colcon_core.shell:Creating prefix script '/home/cc/ee106a/fa25/class/ee106a-ahe/ros_workspaces/lab7/install/local_setup.bash'
[2.484s] INFO:colcon.colcon_core.shell:Creating prefix chain script '/home/cc/ee106a/fa25/class/ee106a-ahe/ros_workspaces/lab7/install/setup.bash'
[2.491s] INFO:colcon.colcon_core.shell:Creating prefix script '/home/cc/ee106a/fa25/class/ee106a-ahe/ros_workspaces/lab7/install/local_setup.zsh'
[2.493s] INFO:colcon.colcon_core.shell:Creating prefix chain script '/home/cc/ee106a/fa25/class/ee106a-ahe/ros_workspaces/lab7/install/setup.zsh'
