[1.226s] Invoking command in '/home/cc/ee106a/fa25/class/ee106a-ahe/ros_workspaces/lab7/src/perception': PYTHONPATH=/home/cc/ee106a/fa25/class/ee106a-ahe/ros_workspaces/lab7/build/perception/prefix_override:/usr/lib/python3/dist-packages/colcon_core/task/python/colcon_distutils_commands:/home/cc/ee106a/fa25/class/ee106a-ahe/ros_workspaces/lab7/install/perception/lib/python3.10/site-packages:${PYTHONPATH} /usr/bin/python3 -W ignore:setup.py install is deprecated -W ignore:easy_install command is deprecated setup.py egg_info --egg-base ../../build/perception build --build-base /home/cc/ee106a/fa25/class/ee106a-ahe/ros_workspaces/lab7/build/perception/build install --record /home/cc/ee106a/fa25/class/ee106a-ahe/ros_workspaces/lab7/build/perception/install.log --single-version-externally-managed install_data
[1.447s] running egg_info
[1.447s] writing ../../build/perception/perception.egg-info/PKG-INFO
[1.450s] writing dependency_links to ../../build/perception/perception.egg-info/dependency_links.txt
[1.453s] writing entry points to ../../build/perception/perception.egg-info/entry_points.txt
[1.456s] writing requirements to ../../build/perception/perception.egg-info/requires.txt
[1.459s] writing top-level names to ../../build/perception/perception.egg-info/top_level.txt
[1.466s] reading manifest file '../../build/perception/perception.egg-info/SOURCES.txt'
[1.469s] writing manifest file '../../build/perception/perception.egg-info/SOURCES.txt'
[1.471s] running build
[1.471s] running build_py
[1.472s] copying perception/process_pointcloud.py -> /home/cc/ee106a/fa25/class/ee106a-ahe/ros_workspaces/lab7/build/perception/build/lib/perception
[1.476s] running install
[1.476s] running install_lib
[1.480s] copying /home/cc/ee106a/fa25/class/ee106a-ahe/ros_workspaces/lab7/build/perception/build/lib/perception/process_pointcloud.py -> /home/cc/ee106a/fa25/class/ee106a-ahe/ros_workspaces/lab7/install/perception/lib/python3.10/site-packages/perception
[1.486s] byte-compiling /home/cc/ee106a/fa25/class/ee106a-ahe/ros_workspaces/lab7/install/perception/lib/python3.10/site-packages/perception/process_pointcloud.py to process_pointcloud.cpython-310.pyc
[1.493s] running install_data
[1.495s] running install_egg_info
[1.497s] removing '/home/cc/ee106a/fa25/class/ee106a-ahe/ros_workspaces/lab7/install/perception/lib/python3.10/site-packages/perception-0.0.0-py3.10.egg-info' (and everything under it)
[1.503s] Copying ../../build/perception/perception.egg-info to /home/cc/ee106a/fa25/class/ee106a-ahe/ros_workspaces/lab7/install/perception/lib/python3.10/site-packages/perception-0.0.0-py3.10.egg-info
[1.540s] running install_scripts
[1.560s] Installing interactive_plane script to /home/cc/ee106a/fa25/class/ee106a-ahe/ros_workspaces/lab7/install/perception/lib/perception
[1.562s] Installing process_pointcloud script to /home/cc/ee106a/fa25/class/ee106a-ahe/ros_workspaces/lab7/install/perception/lib/perception
[1.565s] writing list of installed files to '/home/cc/ee106a/fa25/class/ee106a-ahe/ros_workspaces/lab7/build/perception/install.log'
[1.581s] Invoked command in '/home/cc/ee106a/fa25/class/ee106a-ahe/ros_workspaces/lab7/src/perception' returned '0': PYTHONPATH=/home/cc/ee106a/fa25/class/ee106a-ahe/ros_workspaces/lab7/build/perception/prefix_override:/usr/lib/python3/dist-packages/colcon_core/task/python/colcon_distutils_commands:/home/cc/ee106a/fa25/class/ee106a-ahe/ros_workspaces/lab7/install/perception/lib/python3.10/site-packages:${PYTHONPATH} /usr/bin/python3 -W ignore:setup.py install is deprecated -W ignore:easy_install command is deprecated setup.py egg_info --egg-base ../../build/perception build --build-base /home/cc/ee106a/fa25/class/ee106a-ahe/ros_workspaces/lab7/build/perception/build install --record /home/cc/ee106a/fa25/class/ee106a-ahe/ros_workspaces/lab7/build/perception/install.log --single-version-externally-managed install_data
