[0.924s] Invoking command in '/home/cc/ee106a/fa25/class/ee106a-ahe/ros_workspaces/lab7/build/usb_cam': CMAKE_PREFIX_PATH=/home/ff/ee106a/robot_workspaces/ur/install/ur7e_utils:/opt/ros/humble /usr/bin/cmake --build /home/cc/ee106a/fa25/class/ee106a-ahe/ros_workspaces/lab7/build/usb_cam -- -j32 -l32
[1.116s] [ 14%] Built target usb_cam
[1.159s] [ 50%] Built target gtest_main
[1.161s] [ 57%] Built target gtest
[1.161s] [ 57%] Built target usb_cam_node_exe
[1.245s] [ 71%] Built target usb_cam_node
[1.285s] [100%] Built target test_pixel_formats
[1.286s] [100%] Built target test_usb_cam_utils
[1.324s] Invoked command in '/home/cc/ee106a/fa25/class/ee106a-ahe/ros_workspaces/lab7/build/usb_cam' returned '0': CMAKE_PREFIX_PATH=/home/ff/ee106a/robot_workspaces/ur/install/ur7e_utils:/opt/ros/humble /usr/bin/cmake --build /home/cc/ee106a/fa25/class/ee106a-ahe/ros_workspaces/lab7/build/usb_cam -- -j32 -l32
[1.340s] Invoking command in '/home/cc/ee106a/fa25/class/ee106a-ahe/ros_workspaces/lab7/build/usb_cam': CMAKE_PREFIX_PATH=/home/ff/ee106a/robot_workspaces/ur/install/ur7e_utils:/opt/ros/humble /usr/bin/cmake --install /home/cc/ee106a/fa25/class/ee106a-ahe/ros_workspaces/lab7/build/usb_cam
[1.350s] -- Install configuration: ""
[1.351s] -- Up-to-date: /home/cc/ee106a/fa25/class/ee106a-ahe/ros_workspaces/lab7/install/usb_cam/share/usb_cam/environment/library_path.sh
[1.353s] -- Up-to-date: /home/cc/ee106a/fa25/class/ee106a-ahe/ros_workspaces/lab7/install/usb_cam/share/usb_cam/environment/library_path.dsv
[1.355s] -- Up-to-date: /home/cc/ee106a/fa25/class/ee106a-ahe/ros_workspaces/lab7/install/usb_cam/lib/usb_cam/usb_cam_node_exe
[1.360s] -- Up-to-date: /home/cc/ee106a/fa25/class/ee106a-ahe/ros_workspaces/lab7/install/usb_cam/lib/usb_cam/show_image.py
[1.363s] -- Up-to-date: /home/cc/ee106a/fa25/class/ee106a-ahe/ros_workspaces/lab7/install/usb_cam/lib/libusb_cam.so
[1.365s] -- Up-to-date: /home/cc/ee106a/fa25/class/ee106a-ahe/ros_workspaces/lab7/install/usb_cam/lib/libusb_cam_node.so
[1.369s] -- Up-to-date: /home/cc/ee106a/fa25/class/ee106a-ahe/ros_workspaces/lab7/install/usb_cam/include
[1.370s] -- Up-to-date: /home/cc/ee106a/fa25/class/ee106a-ahe/ros_workspaces/lab7/install/usb_cam/include/usb_cam
[1.372s] -- Up-to-date: /home/cc/ee106a/fa25/class/ee106a-ahe/ros_workspaces/lab7/install/usb_cam/include/usb_cam/constants.hpp
[1.373s] -- Up-to-date: /home/cc/ee106a/fa25/class/ee106a-ahe/ros_workspaces/lab7/install/usb_cam/include/usb_cam/conversions.hpp
[1.374s] -- Up-to-date: /home/cc/ee106a/fa25/class/ee106a-ahe/ros_workspaces/lab7/install/usb_cam/include/usb_cam/formats
[1.375s] -- Up-to-date: /home/cc/ee106a/fa25/class/ee106a-ahe/ros_workspaces/lab7/install/usb_cam/include/usb_cam/formats/av_pixel_format_helper.hpp
[1.376s] -- Up-to-date: /home/cc/ee106a/fa25/class/ee106a-ahe/ros_workspaces/lab7/install/usb_cam/include/usb_cam/formats/m420.hpp
[1.376s] -- Up-to-date: /home/cc/ee106a/fa25/class/ee106a-ahe/ros_workspaces/lab7/install/usb_cam/include/usb_cam/formats/mjpeg.hpp
[1.377s] -- Up-to-date: /home/cc/ee106a/fa25/class/ee106a-ahe/ros_workspaces/lab7/install/usb_cam/include/usb_cam/formats/mono.hpp
[1.378s] -- Up-to-date: /home/cc/ee106a/fa25/class/ee106a-ahe/ros_workspaces/lab7/install/usb_cam/include/usb_cam/formats/pixel_format_base.hpp
[1.379s] -- Up-to-date: /home/cc/ee106a/fa25/class/ee106a-ahe/ros_workspaces/lab7/install/usb_cam/include/usb_cam/formats/rgb.hpp
[1.380s] -- Up-to-date: /home/cc/ee106a/fa25/class/ee106a-ahe/ros_workspaces/lab7/install/usb_cam/include/usb_cam/formats/utils.hpp
[1.380s] -- Up-to-date: /home/cc/ee106a/fa25/class/ee106a-ahe/ros_workspaces/lab7/install/usb_cam/include/usb_cam/formats/uyvy.hpp
[1.381s] -- Up-to-date: /home/cc/ee106a/fa25/class/ee106a-ahe/ros_workspaces/lab7/install/usb_cam/include/usb_cam/formats/yuyv.hpp
[1.382s] -- Up-to-date: /home/cc/ee106a/fa25/class/ee106a-ahe/ros_workspaces/lab7/install/usb_cam/include/usb_cam/usb_cam.hpp
[1.383s] -- Up-to-date: /home/cc/ee106a/fa25/class/ee106a-ahe/ros_workspaces/lab7/install/usb_cam/include/usb_cam/usb_cam_node.hpp
[1.384s] -- Up-to-date: /home/cc/ee106a/fa25/class/ee106a-ahe/ros_workspaces/lab7/install/usb_cam/include/usb_cam/utils.hpp
[1.387s] -- Up-to-date: /home/cc/ee106a/fa25/class/ee106a-ahe/ros_workspaces/lab7/install/usb_cam/lib/libusb_cam_node.so
[1.391s] -- Up-to-date: /home/cc/ee106a/fa25/class/ee106a-ahe/ros_workspaces/lab7/install/usb_cam/share/usb_cam/launch
[1.394s] -- Up-to-date: /home/cc/ee106a/fa25/class/ee106a-ahe/ros_workspaces/lab7/install/usb_cam/share/usb_cam/launch/__init__.py
[1.397s] -- Up-to-date: /home/cc/ee106a/fa25/class/ee106a-ahe/ros_workspaces/lab7/install/usb_cam/share/usb_cam/launch/camera.launch.py
[1.398s] -- Up-to-date: /home/cc/ee106a/fa25/class/ee106a-ahe/ros_workspaces/lab7/install/usb_cam/share/usb_cam/launch/camera_config.py
[1.399s] -- Up-to-date: /home/cc/ee106a/fa25/class/ee106a-ahe/ros_workspaces/lab7/install/usb_cam/share/usb_cam/config
[1.401s] -- Up-to-date: /home/cc/ee106a/fa25/class/ee106a-ahe/ros_workspaces/lab7/install/usb_cam/share/usb_cam/config/c922_pro_stream_webcam.yaml
[1.402s] -- Up-to-date: /home/cc/ee106a/fa25/class/ee106a-ahe/ros_workspaces/lab7/install/usb_cam/share/usb_cam/config/camera_info.yaml
[1.404s] -- Up-to-date: /home/cc/ee106a/fa25/class/ee106a-ahe/ros_workspaces/lab7/install/usb_cam/share/usb_cam/config/params.yaml
[1.405s] -- Up-to-date: /home/cc/ee106a/fa25/class/ee106a-ahe/ros_workspaces/lab7/install/usb_cam/share/usb_cam/config/params_1.yaml
[1.406s] -- Up-to-date: /home/cc/ee106a/fa25/class/ee106a-ahe/ros_workspaces/lab7/install/usb_cam/share/usb_cam/config/params_2.yaml
[1.408s] -- Up-to-date: /home/cc/ee106a/fa25/class/ee106a-ahe/ros_workspaces/lab7/install/usb_cam/share/ament_index/resource_index/package_run_dependencies/usb_cam
[1.409s] -- Up-to-date: /home/cc/ee106a/fa25/class/ee106a-ahe/ros_workspaces/lab7/install/usb_cam/share/ament_index/resource_index/parent_prefix_path/usb_cam
[1.410s] -- Up-to-date: /home/cc/ee106a/fa25/class/ee106a-ahe/ros_workspaces/lab7/install/usb_cam/share/usb_cam/environment/ament_prefix_path.sh
[1.411s] -- Up-to-date: /home/cc/ee106a/fa25/class/ee106a-ahe/ros_workspaces/lab7/install/usb_cam/share/usb_cam/environment/ament_prefix_path.dsv
[1.412s] -- Up-to-date: /home/cc/ee106a/fa25/class/ee106a-ahe/ros_workspaces/lab7/install/usb_cam/share/usb_cam/environment/path.sh
[1.413s] -- Up-to-date: /home/cc/ee106a/fa25/class/ee106a-ahe/ros_workspaces/lab7/install/usb_cam/share/usb_cam/environment/path.dsv
[1.414s] -- Up-to-date: /home/cc/ee106a/fa25/class/ee106a-ahe/ros_workspaces/lab7/install/usb_cam/share/usb_cam/local_setup.bash
[1.414s] -- Up-to-date: /home/cc/ee106a/fa25/class/ee106a-ahe/ros_workspaces/lab7/install/usb_cam/share/usb_cam/local_setup.sh
[1.415s] -- Up-to-date: /home/cc/ee106a/fa25/class/ee106a-ahe/ros_workspaces/lab7/install/usb_cam/share/usb_cam/local_setup.zsh
[1.416s] -- Up-to-date: /home/cc/ee106a/fa25/class/ee106a-ahe/ros_workspaces/lab7/install/usb_cam/share/usb_cam/local_setup.dsv
[1.417s] -- Installing: /home/cc/ee106a/fa25/class/ee106a-ahe/ros_workspaces/lab7/install/usb_cam/share/usb_cam/package.dsv
[1.426s] -- Up-to-date: /home/cc/ee106a/fa25/class/ee106a-ahe/ros_workspaces/lab7/install/usb_cam/share/ament_index/resource_index/packages/usb_cam
[1.427s] -- Up-to-date: /home/cc/ee106a/fa25/class/ee106a-ahe/ros_workspaces/lab7/install/usb_cam/share/ament_index/resource_index/rclcpp_components/usb_cam
[1.429s] -- Up-to-date: /home/cc/ee106a/fa25/class/ee106a-ahe/ros_workspaces/lab7/install/usb_cam/share/usb_cam/cmake/ament_cmake_export_libraries-extras.cmake
[1.429s] -- Up-to-date: /home/cc/ee106a/fa25/class/ee106a-ahe/ros_workspaces/lab7/install/usb_cam/share/usb_cam/cmake/ament_cmake_export_dependencies-extras.cmake
[1.430s] -- Up-to-date: /home/cc/ee106a/fa25/class/ee106a-ahe/ros_workspaces/lab7/install/usb_cam/share/usb_cam/cmake/ament_cmake_export_include_directories-extras.cmake
[1.431s] -- Up-to-date: /home/cc/ee106a/fa25/class/ee106a-ahe/ros_workspaces/lab7/install/usb_cam/share/usb_cam/cmake/usb_camConfig.cmake
[1.431s] -- Up-to-date: /home/cc/ee106a/fa25/class/ee106a-ahe/ros_workspaces/lab7/install/usb_cam/share/usb_cam/cmake/usb_camConfig-version.cmake
[1.432s] -- Up-to-date: /home/cc/ee106a/fa25/class/ee106a-ahe/ros_workspaces/lab7/install/usb_cam/share/usb_cam/package.xml
[1.438s] Invoked command in '/home/cc/ee106a/fa25/class/ee106a-ahe/ros_workspaces/lab7/build/usb_cam' returned '0': CMAKE_PREFIX_PATH=/home/ff/ee106a/robot_workspaces/ur/install/ur7e_utils:/opt/ros/humble /usr/bin/cmake --install /home/cc/ee106a/fa25/class/ee106a-ahe/ros_workspaces/lab7/build/usb_cam
